2024-12-30 22:18:36.187 [info] [main] Log level: Info
2024-12-30 22:18:36.187 [info] [main] Validating found git in: "git"
2024-12-30 22:18:36.187 [info] [main] Using git "2.34.1" from "git"
2024-12-30 22:18:36.187 [info] [Model][doInitialScan] Initial repository scan started
2024-12-30 22:18:36.187 [info] > git rev-parse --show-toplevel [5ms]
2024-12-30 22:18:36.188 [info] > git rev-parse --git-dir --git-common-dir [3ms]
2024-12-30 22:18:36.205 [info] [Model][openRepository] Opened repository: /home/devviking/Dev-2025/app-previsao-tempo
2024-12-30 22:18:36.211 [info] [Model][doInitialScan] Initial repository scan completed - repositories (1), closed repositories (0), parent repositories (0), unsafe repositories (0)
2024-12-30 22:18:36.294 [info] > git config --get commit.template [73ms]
2024-12-30 22:18:36.294 [info] > git fetch [90ms]
2024-12-30 22:18:36.323 [info] [Git][getRemotes] No remotes found in the git config file
2024-12-30 22:18:36.334 [info] > git config --get commit.template [34ms]
2024-12-30 22:18:36.340 [info] > git for-each-ref --format=%(refname)%00%(upstream:short)%00%(objectname)%00%(upstream:track)%00%(upstream:remotename)%00%(upstream:remoteref) refs/heads/main refs/remotes/main [18ms]
2024-12-30 22:18:36.340 [warning] [Git][getBranch] No such branch: main
2024-12-30 22:18:36.350 [info] [Git][getRemotes] No remotes found in the git config file
2024-12-30 22:18:36.355 [info] > git for-each-ref --format=%(refname)%00%(upstream:short)%00%(objectname)%00%(upstream:track)%00%(upstream:remotename)%00%(upstream:remoteref) refs/heads/main refs/remotes/main [10ms]
2024-12-30 22:18:36.355 [warning] [Git][getBranch] No such branch: main
2024-12-30 22:18:36.356 [error] [GitHistoryProvider][resolveHEADMergeBase] Failed to resolve merge base for main: Error: No such branch: main.
2024-12-30 22:18:36.370 [info] > git config --get commit.template [16ms]
2024-12-30 22:18:36.370 [info] > git for-each-ref --format=%(refname)%00%(upstream:short)%00%(objectname)%00%(upstream:track)%00%(upstream:remotename)%00%(upstream:remoteref) refs/heads/main refs/remotes/main [20ms]
2024-12-30 22:18:36.370 [warning] [Git][getBranch] No such branch: main
2024-12-30 22:18:36.379 [info] [Git][getRemotes] No remotes found in the git config file
2024-12-30 22:18:36.386 [info] > git for-each-ref --format=%(refname)%00%(upstream:short)%00%(objectname)%00%(upstream:track)%00%(upstream:remotename)%00%(upstream:remoteref) refs/heads/main refs/remotes/main [7ms]
2024-12-30 22:18:36.386 [warning] [Git][getBranch] No such branch: main
2024-12-30 22:18:36.394 [info] > git status -z -uall [5ms]
2024-12-30 22:18:36.395 [info] > git for-each-ref --sort -committerdate --format %(refname) %(objectname) %(*objectname) [3ms]
2024-12-31 07:59:12.177 [info] > git fetch [52ms]
2024-12-31 07:59:12.196 [info] [Git][getRemotes] No remotes found in the git config file
2024-12-31 07:59:12.198 [info] > git config --get commit.template [10ms]
2024-12-31 07:59:12.199 [info] > git for-each-ref --format=%(refname)%00%(upstream:short)%00%(objectname)%00%(upstream:track)%00%(upstream:remotename)%00%(upstream:remoteref) refs/heads/main refs/remotes/main [3ms]
2024-12-31 07:59:12.199 [warning] [Git][getBranch] No such branch: main
2024-12-31 07:59:12.207 [info] > git status -z -uall [4ms]
2024-12-31 07:59:12.210 [info] > git for-each-ref --sort -committerdate --format %(refname) %(objectname) %(*objectname) [3ms]
2024-12-31 07:59:13.276 [info] [Git][getRemotes] No remotes found in the git config file
2024-12-31 07:59:13.277 [info] > git for-each-ref --format=%(refname)%00%(upstream:short)%00%(objectname)%00%(upstream:track)%00%(upstream:remotename)%00%(upstream:remoteref) refs/heads/main refs/remotes/main [1ms]
2024-12-31 07:59:13.277 [warning] [Git][getBranch] No such branch: main
2024-12-31 07:59:13.278 [info] > git config --get commit.template [7ms]
2024-12-31 07:59:13.291 [info] > git status -z -uall [9ms]
2024-12-31 07:59:13.293 [info] > git for-each-ref --sort -committerdate --format %(refname) %(objectname) %(*objectname) [3ms]
2024-12-31 08:01:36.018 [info] > git check-ignore -v -z --stdin [3ms]
2024-12-31 08:01:36.588 [info] [Git][getRemotes] No remotes found in the git config file
2024-12-31 08:01:36.591 [info] > git for-each-ref --format=%(refname)%00%(upstream:short)%00%(objectname)%00%(upstream:track)%00%(upstream:remotename)%00%(upstream:remoteref) refs/heads/main refs/remotes/main [5ms]
2024-12-31 08:01:36.591 [warning] [Git][getBranch] No such branch: main
2024-12-31 08:01:36.591 [info] > git config --get commit.template [17ms]
2024-12-31 08:01:36.605 [info] > git for-each-ref --sort -committerdate --format %(refname) %(objectname) %(*objectname) [2ms]
2024-12-31 08:01:36.607 [info] > git status -z -uall [10ms]
2024-12-31 08:01:47.062 [info] > git check-ignore -v -z --stdin [6ms]
2024-12-31 08:01:47.624 [info] > git config --get commit.template [14ms]
2024-12-31 08:01:47.625 [info] [Git][getRemotes] No remotes found in the git config file
2024-12-31 08:01:47.627 [info] > git for-each-ref --format=%(refname)%00%(upstream:short)%00%(objectname)%00%(upstream:track)%00%(upstream:remotename)%00%(upstream:remoteref) refs/heads/main refs/remotes/main [3ms]
2024-12-31 08:01:47.628 [warning] [Git][getBranch] No such branch: main
2024-12-31 08:01:47.646 [info] > git status -z -uall [8ms]
2024-12-31 08:01:47.648 [info] > git for-each-ref --sort -committerdate --format %(refname) %(objectname) %(*objectname) [2ms]
2024-12-31 08:01:56.409 [info] > git check-ignore -v -z --stdin [4ms]
2024-12-31 08:01:56.978 [info] [Git][getRemotes] No remotes found in the git config file
2024-12-31 08:01:56.980 [info] > git config --get commit.template [12ms]
2024-12-31 08:01:56.981 [info] > git for-each-ref --format=%(refname)%00%(upstream:short)%00%(objectname)%00%(upstream:track)%00%(upstream:remotename)%00%(upstream:remoteref) refs/heads/main refs/remotes/main [4ms]
2024-12-31 08:01:56.982 [warning] [Git][getBranch] No such branch: main
2024-12-31 08:01:56.995 [info] > git status -z -uall [7ms]
2024-12-31 08:01:56.997 [info] > git for-each-ref --sort -committerdate --format %(refname) %(objectname) %(*objectname) [3ms]
2024-12-31 08:02:06.094 [info] > git check-ignore -v -z --stdin [4ms]
2024-12-31 08:02:06.676 [info] [Git][getRemotes] No remotes found in the git config file
2024-12-31 08:02:06.678 [info] > git config --get commit.template [14ms]
2024-12-31 08:02:06.680 [info] > git for-each-ref --format=%(refname)%00%(upstream:short)%00%(objectname)%00%(upstream:track)%00%(upstream:remotename)%00%(upstream:remoteref) refs/heads/main refs/remotes/main [4ms]
2024-12-31 08:02:06.680 [warning] [Git][getBranch] No such branch: main
2024-12-31 08:02:06.695 [info] > git status -z -uall [8ms]
2024-12-31 08:02:06.696 [info] > git for-each-ref --sort -committerdate --format %(refname) %(objectname) %(*objectname) [2ms]
2024-12-31 08:02:12.242 [info] > git fetch [18ms]
2024-12-31 08:02:12.253 [info] [Git][getRemotes] No remotes found in the git config file
2024-12-31 08:02:12.254 [info] > git config --get commit.template [5ms]
2024-12-31 08:02:12.254 [info] > git for-each-ref --format=%(refname)%00%(upstream:short)%00%(objectname)%00%(upstream:track)%00%(upstream:remotename)%00%(upstream:remoteref) refs/heads/main refs/remotes/main [2ms]
2024-12-31 08:02:12.254 [warning] [Git][getBranch] No such branch: main
2024-12-31 08:02:12.262 [info] > git status -z -uall [4ms]
2024-12-31 08:02:12.263 [info] > git for-each-ref --sort -committerdate --format %(refname) %(objectname) %(*objectname) [1ms]
2024-12-31 08:02:13.340 [info] [Git][getRemotes] No remotes found in the git config file
2024-12-31 08:02:13.343 [info] > git config --get commit.template [9ms]
2024-12-31 08:02:13.343 [info] > git for-each-ref --format=%(refname)%00%(upstream:short)%00%(objectname)%00%(upstream:track)%00%(upstream:remotename)%00%(upstream:remoteref) refs/heads/main refs/remotes/main [4ms]
2024-12-31 08:02:13.343 [warning] [Git][getBranch] No such branch: main
2024-12-31 08:02:13.356 [info] > git status -z -uall [7ms]
2024-12-31 08:02:13.357 [info] > git for-each-ref --sort -committerdate --format %(refname) %(objectname) %(*objectname) [2ms]
2024-12-31 08:07:39.992 [info] > git fetch [7ms]
2024-12-31 08:07:40.004 [info] [Git][getRemotes] No remotes found in the git config file
2024-12-31 08:07:40.005 [info] > git config --get commit.template [6ms]
2024-12-31 08:07:40.005 [info] > git for-each-ref --format=%(refname)%00%(upstream:short)%00%(objectname)%00%(upstream:track)%00%(upstream:remotename)%00%(upstream:remoteref) refs/heads/main refs/remotes/main [1ms]
2024-12-31 08:07:40.005 [warning] [Git][getBranch] No such branch: main
2024-12-31 08:07:40.017 [info] > git status -z -uall [7ms]
2024-12-31 08:07:40.018 [info] > git for-each-ref --sort -committerdate --format %(refname) %(objectname) %(*objectname) [3ms]
2024-12-31 08:07:41.119 [info] [Git][getRemotes] No remotes found in the git config file
2024-12-31 08:07:41.122 [info] > git config --get commit.template [21ms]
2024-12-31 08:07:41.124 [info] > git for-each-ref --format=%(refname)%00%(upstream:short)%00%(objectname)%00%(upstream:track)%00%(upstream:remotename)%00%(upstream:remoteref) refs/heads/main refs/remotes/main [5ms]
2024-12-31 08:07:41.125 [warning] [Git][getBranch] No such branch: main
2024-12-31 08:07:41.152 [info] > git status -z -uall [14ms]
2024-12-31 08:07:41.157 [info] > git for-each-ref --sort -committerdate --format %(refname) %(objectname) %(*objectname) [6ms]
2024-12-31 08:08:01.920 [info] > git check-ignore -v -z --stdin [4ms]
2024-12-31 08:08:01.948 [info] > git show --textconv :src/index.html [15ms]
2024-12-31 08:08:01.950 [info] > git ls-files --stage -- /home/devviking/Dev-2025/app-previsao-tempo/src/index.html [9ms]
2024-12-31 08:08:02.289 [info] > git config --get commit.template [3ms]
2024-12-31 08:08:02.294 [info] [Git][getRemotes] No remotes found in the git config file
2024-12-31 08:08:02.295 [info] > git for-each-ref --format=%(refname)%00%(upstream:short)%00%(objectname)%00%(upstream:track)%00%(upstream:remotename)%00%(upstream:remoteref) refs/heads/main refs/remotes/main [1ms]
2024-12-31 08:08:02.295 [warning] [Git][getBranch] No such branch: main
2024-12-31 08:08:02.303 [info] > git status -z -uall [5ms]
2024-12-31 08:08:02.306 [info] > git for-each-ref --sort -committerdate --format %(refname) %(objectname) %(*objectname) [4ms]
2024-12-31 08:08:15.195 [info] [Git][getRemotes] No remotes found in the git config file
2024-12-31 08:08:15.197 [info] > git config --get commit.template [15ms]
2024-12-31 08:08:15.200 [info] > git for-each-ref --format=%(refname)%00%(upstream:short)%00%(objectname)%00%(upstream:track)%00%(upstream:remotename)%00%(upstream:remoteref) refs/heads/main refs/remotes/main [5ms]
2024-12-31 08:08:15.200 [warning] [Git][getBranch] No such branch: main
2024-12-31 08:08:15.213 [info] > git status -z -uall [7ms]
2024-12-31 08:08:15.214 [info] > git for-each-ref --sort -committerdate --format %(refname) %(objectname) %(*objectname) [3ms]
2024-12-31 08:08:20.244 [info] [Git][getRemotes] No remotes found in the git config file
2024-12-31 08:08:20.246 [info] > git config --get commit.template [13ms]
2024-12-31 08:08:20.248 [info] > git for-each-ref --format=%(refname)%00%(upstream:short)%00%(objectname)%00%(upstream:track)%00%(upstream:remotename)%00%(upstream:remoteref) refs/heads/main refs/remotes/main [4ms]
2024-12-31 08:08:20.248 [warning] [Git][getBranch] No such branch: main
2024-12-31 08:08:20.271 [info] > git status -z -uall [13ms]
2024-12-31 08:08:20.278 [info] > git for-each-ref --sort -committerdate --format %(refname) %(objectname) %(*objectname) [9ms]
2024-12-31 08:08:38.393 [info] [Git][getRemotes] No remotes found in the git config file
2024-12-31 08:08:38.394 [info] > git config --get commit.template [10ms]
2024-12-31 08:08:38.396 [info] > git for-each-ref --format=%(refname)%00%(upstream:short)%00%(objectname)%00%(upstream:track)%00%(upstream:remotename)%00%(upstream:remoteref) refs/heads/main refs/remotes/main [4ms]
2024-12-31 08:08:38.397 [warning] [Git][getBranch] No such branch: main
2024-12-31 08:08:38.404 [info] > git status -z -uall [5ms]
2024-12-31 08:08:38.405 [info] > git for-each-ref --sort -committerdate --format %(refname) %(objectname) %(*objectname) [2ms]
2024-12-31 08:08:43.436 [info] [Git][getRemotes] No remotes found in the git config file
2024-12-31 08:08:43.444 [info] > git config --get commit.template [22ms]
2024-12-31 08:08:43.448 [info] > git for-each-ref --format=%(refname)%00%(upstream:short)%00%(objectname)%00%(upstream:track)%00%(upstream:remotename)%00%(upstream:remoteref) refs/heads/main refs/remotes/main [12ms]
2024-12-31 08:08:43.448 [warning] [Git][getBranch] No such branch: main
2024-12-31 08:08:43.473 [info] > git status -z -uall [14ms]
2024-12-31 08:08:43.477 [info] > git for-each-ref --sort -committerdate --format %(refname) %(objectname) %(*objectname) [5ms]
2024-12-31 08:08:48.498 [info] [Git][getRemotes] No remotes found in the git config file
2024-12-31 08:08:48.499 [info] > git config --get commit.template [7ms]
2024-12-31 08:08:48.500 [info] > git for-each-ref --format=%(refname)%00%(upstream:short)%00%(objectname)%00%(upstream:track)%00%(upstream:remotename)%00%(upstream:remoteref) refs/heads/main refs/remotes/main [3ms]
2024-12-31 08:08:48.501 [warning] [Git][getBranch] No such branch: main
2024-12-31 08:08:48.512 [info] > git status -z -uall [6ms]
2024-12-31 08:08:48.514 [info] > git for-each-ref --sort -committerdate --format %(refname) %(objectname) %(*objectname) [2ms]
2024-12-31 08:08:53.545 [info] [Git][getRemotes] No remotes found in the git config file
2024-12-31 08:08:53.547 [info] > git config --get commit.template [14ms]
2024-12-31 08:08:53.552 [info] > git for-each-ref --format=%(refname)%00%(upstream:short)%00%(objectname)%00%(upstream:track)%00%(upstream:remotename)%00%(upstream:remoteref) refs/heads/main refs/remotes/main [8ms]
2024-12-31 08:08:53.552 [warning] [Git][getBranch] No such branch: main
2024-12-31 08:08:53.565 [info] > git status -z -uall [7ms]
2024-12-31 08:08:53.566 [info] > git for-each-ref --sort -committerdate --format %(refname) %(objectname) %(*objectname) [2ms]
2024-12-31 08:10:05.313 [info] [Git][getRemotes] No remotes found in the git config file
2024-12-31 08:10:05.314 [info] > git config --get commit.template [16ms]
2024-12-31 08:10:05.316 [info] > git for-each-ref --format=%(refname)%00%(upstream:short)%00%(objectname)%00%(upstream:track)%00%(upstream:remotename)%00%(upstream:remoteref) refs/heads/main refs/remotes/main [4ms]
2024-12-31 08:10:05.316 [warning] [Git][getBranch] No such branch: main
2024-12-31 08:10:05.337 [info] > git status -z -uall [12ms]
2024-12-31 08:10:05.340 [info] > git for-each-ref --sort -committerdate --format %(refname) %(objectname) %(*objectname) [5ms]
2024-12-31 08:10:10.369 [info] [Git][getRemotes] No remotes found in the git config file
2024-12-31 08:10:10.371 [info] > git config --get commit.template [12ms]
2024-12-31 08:10:10.372 [info] > git for-each-ref --format=%(refname)%00%(upstream:short)%00%(objectname)%00%(upstream:track)%00%(upstream:remotename)%00%(upstream:remoteref) refs/heads/main refs/remotes/main [3ms]
2024-12-31 08:10:10.372 [warning] [Git][getBranch] No such branch: main
2024-12-31 08:10:10.392 [info] > git status -z -uall [11ms]
2024-12-31 08:10:10.395 [info] > git for-each-ref --sort -committerdate --format %(refname) %(objectname) %(*objectname) [4ms]
2024-12-31 08:10:19.976 [info] [Git][getRemotes] No remotes found in the git config file
2024-12-31 08:10:19.978 [info] > git config --get commit.template [14ms]
2024-12-31 08:10:19.979 [info] > git for-each-ref --format=%(refname)%00%(upstream:short)%00%(objectname)%00%(upstream:track)%00%(upstream:remotename)%00%(upstream:remoteref) refs/heads/main refs/remotes/main [3ms]
2024-12-31 08:10:19.980 [warning] [Git][getBranch] No such branch: main
2024-12-31 08:10:20.004 [info] > git status -z -uall [14ms]
2024-12-31 08:10:20.006 [info] > git for-each-ref --sort -committerdate --format %(refname) %(objectname) %(*objectname) [4ms]
2024-12-31 08:10:25.042 [info] [Git][getRemotes] No remotes found in the git config file
2024-12-31 08:10:25.044 [info] > git config --get commit.template [13ms]
2024-12-31 08:10:25.046 [info] > git for-each-ref --format=%(refname)%00%(upstream:short)%00%(objectname)%00%(upstream:track)%00%(upstream:remotename)%00%(upstream:remoteref) refs/heads/main refs/remotes/main [5ms]
2024-12-31 08:10:25.046 [warning] [Git][getBranch] No such branch: main
2024-12-31 08:10:25.093 [info] > git status -z -uall [28ms]
2024-12-31 08:10:25.107 [info] > git for-each-ref --sort -committerdate --format %(refname) %(objectname) %(*objectname) [24ms]
2024-12-31 08:10:40.049 [info] > git fetch [15ms]
2024-12-31 08:10:40.074 [info] > git config --get commit.template [5ms]
2024-12-31 08:10:40.087 [info] [Git][getRemotes] No remotes found in the git config file
2024-12-31 08:10:40.091 [info] > git for-each-ref --format=%(refname)%00%(upstream:short)%00%(objectname)%00%(upstream:track)%00%(upstream:remotename)%00%(upstream:remoteref) refs/heads/main refs/remotes/main [5ms]
2024-12-31 08:10:40.092 [warning] [Git][getBranch] No such branch: main
2024-12-31 08:10:40.117 [info] > git status -z -uall [13ms]
2024-12-31 08:10:40.121 [info] > git for-each-ref --sort -committerdate --format %(refname) %(objectname) %(*objectname) [5ms]
2024-12-31 08:10:41.167 [info] [Git][getRemotes] No remotes found in the git config file
2024-12-31 08:10:41.169 [info] > git config --get commit.template [23ms]
2024-12-31 08:10:41.177 [info] > git for-each-ref --format=%(refname)%00%(upstream:short)%00%(objectname)%00%(upstream:track)%00%(upstream:remotename)%00%(upstream:remoteref) refs/heads/main refs/remotes/main [10ms]
2024-12-31 08:10:41.177 [warning] [Git][getBranch] No such branch: main
2024-12-31 08:10:41.207 [info] > git status -z -uall [16ms]
2024-12-31 08:10:41.210 [info] > git for-each-ref --sort -committerdate --format %(refname) %(objectname) %(*objectname) [6ms]
2024-12-31 08:10:41.307 [info] > git ls-files --stage -- /home/devviking/Dev-2025/app-previsao-tempo/src/index.html [2ms]
2024-12-31 08:10:41.317 [info] > git show --textconv :src/index.html [2ms]
2024-12-31 08:10:46.251 [info] [Git][getRemotes] No remotes found in the git config file
2024-12-31 08:10:46.255 [info] > git config --get commit.template [24ms]
2024-12-31 08:10:46.258 [info] > git for-each-ref --format=%(refname)%00%(upstream:short)%00%(objectname)%00%(upstream:track)%00%(upstream:remotename)%00%(upstream:remoteref) refs/heads/main refs/remotes/main [8ms]
2024-12-31 08:10:46.259 [warning] [Git][getBranch] No such branch: main
2024-12-31 08:10:46.290 [info] > git status -z -uall [21ms]
2024-12-31 08:10:46.300 [info] > git for-each-ref --sort -committerdate --format %(refname) %(objectname) %(*objectname) [24ms]
2024-12-31 08:10:51.329 [info] [Git][getRemotes] No remotes found in the git config file
2024-12-31 08:10:51.331 [info] > git config --get commit.template [12ms]
2024-12-31 08:10:51.332 [info] > git for-each-ref --format=%(refname)%00%(upstream:short)%00%(objectname)%00%(upstream:track)%00%(upstream:remotename)%00%(upstream:remoteref) refs/heads/main refs/remotes/main [3ms]
2024-12-31 08:10:51.333 [warning] [Git][getBranch] No such branch: main
2024-12-31 08:10:51.353 [info] > git status -z -uall [11ms]
2024-12-31 08:10:51.356 [info] > git for-each-ref --sort -committerdate --format %(refname) %(objectname) %(*objectname) [5ms]
2024-12-31 08:10:56.397 [info] [Git][getRemotes] No remotes found in the git config file
2024-12-31 08:10:56.400 [info] > git config --get commit.template [18ms]
2024-12-31 08:10:56.402 [info] > git for-each-ref --format=%(refname)%00%(upstream:short)%00%(objectname)%00%(upstream:track)%00%(upstream:remotename)%00%(upstream:remoteref) refs/heads/main refs/remotes/main [6ms]
2024-12-31 08:10:56.403 [warning] [Git][getBranch] No such branch: main
2024-12-31 08:10:56.432 [info] > git status -z -uall [15ms]
2024-12-31 08:10:56.434 [info] > git for-each-ref --sort -committerdate --format %(refname) %(objectname) %(*objectname) [7ms]
2024-12-31 08:11:04.230 [info] [Git][getRemotes] No remotes found in the git config file
2024-12-31 08:11:04.231 [info] > git config --get commit.template [7ms]
2024-12-31 08:11:04.231 [info] > git for-each-ref --format=%(refname)%00%(upstream:short)%00%(objectname)%00%(upstream:track)%00%(upstream:remotename)%00%(upstream:remoteref) refs/heads/main refs/remotes/main [2ms]
2024-12-31 08:11:04.231 [warning] [Git][getBranch] No such branch: main
2024-12-31 08:11:04.248 [info] > git status -z -uall [8ms]
2024-12-31 08:11:04.250 [info] > git for-each-ref --sort -committerdate --format %(refname) %(objectname) %(*objectname) [3ms]
2024-12-31 08:11:13.635 [info] [Git][getRemotes] No remotes found in the git config file
2024-12-31 08:11:13.636 [info] > git config --get commit.template [16ms]
2024-12-31 08:11:13.638 [info] > git for-each-ref --format=%(refname)%00%(upstream:short)%00%(objectname)%00%(upstream:track)%00%(upstream:remotename)%00%(upstream:remoteref) refs/heads/main refs/remotes/main [4ms]
2024-12-31 08:11:13.638 [warning] [Git][getBranch] No such branch: main
2024-12-31 08:11:13.658 [info] > git status -z -uall [11ms]
2024-12-31 08:11:13.662 [info] > git for-each-ref --sort -committerdate --format %(refname) %(objectname) %(*objectname) [4ms]
2024-12-31 08:11:31.317 [info] > git config --get commit.template [15ms]
2024-12-31 08:11:31.328 [info] [Git][getRemotes] No remotes found in the git config file
2024-12-31 08:11:31.338 [info] > git for-each-ref --format=%(refname)%00%(upstream:short)%00%(objectname)%00%(upstream:track)%00%(upstream:remotename)%00%(upstream:remoteref) refs/heads/main refs/remotes/main [10ms]
2024-12-31 08:11:31.338 [warning] [Git][getBranch] No such branch: main
2024-12-31 08:11:31.358 [info] > git status -z -uall [11ms]
2024-12-31 08:11:31.362 [info] > git for-each-ref --sort -committerdate --format %(refname) %(objectname) %(*objectname) [6ms]
2024-12-31 08:11:36.881 [info] [Git][getRemotes] No remotes found in the git config file
2024-12-31 08:11:36.882 [info] > git config --get commit.template [10ms]
2024-12-31 08:11:36.883 [info] > git for-each-ref --format=%(refname)%00%(upstream:short)%00%(objectname)%00%(upstream:track)%00%(upstream:remotename)%00%(upstream:remoteref) refs/heads/main refs/remotes/main [3ms]
2024-12-31 08:11:36.883 [warning] [Git][getBranch] No such branch: main
2024-12-31 08:11:36.901 [info] > git status -z -uall [11ms]
2024-12-31 08:11:36.903 [info] > git for-each-ref --sort -committerdate --format %(refname) %(objectname) %(*objectname) [6ms]
2024-12-31 08:11:45.671 [info] > git config --get commit.template [19ms]
2024-12-31 08:11:45.681 [info] [Git][getRemotes] No remotes found in the git config file
2024-12-31 08:11:45.685 [info] > git for-each-ref --format=%(refname)%00%(upstream:short)%00%(objectname)%00%(upstream:track)%00%(upstream:remotename)%00%(upstream:remoteref) refs/heads/main refs/remotes/main [5ms]
2024-12-31 08:11:45.686 [warning] [Git][getBranch] No such branch: main
2024-12-31 08:11:45.708 [info] > git status -z -uall [13ms]
2024-12-31 08:11:45.710 [info] > git for-each-ref --sort -committerdate --format %(refname) %(objectname) %(*objectname) [4ms]
2024-12-31 08:11:50.747 [info] [Git][getRemotes] No remotes found in the git config file
2024-12-31 08:11:50.751 [info] > git config --get commit.template [22ms]
2024-12-31 08:11:50.752 [info] > git for-each-ref --format=%(refname)%00%(upstream:short)%00%(objectname)%00%(upstream:track)%00%(upstream:remotename)%00%(upstream:remoteref) refs/heads/main refs/remotes/main [6ms]
2024-12-31 08:11:50.752 [warning] [Git][getBranch] No such branch: main
2024-12-31 08:11:50.777 [info] > git status -z -uall [14ms]
2024-12-31 08:11:50.779 [info] > git for-each-ref --sort -committerdate --format %(refname) %(objectname) %(*objectname) [5ms]
2024-12-31 08:11:55.808 [info] [Git][getRemotes] No remotes found in the git config file
2024-12-31 08:11:55.809 [info] > git config --get commit.template [13ms]
2024-12-31 08:11:55.811 [info] > git for-each-ref --format=%(refname)%00%(upstream:short)%00%(objectname)%00%(upstream:track)%00%(upstream:remotename)%00%(upstream:remoteref) refs/heads/main refs/remotes/main [4ms]
2024-12-31 08:11:55.811 [warning] [Git][getBranch] No such branch: main
2024-12-31 08:11:55.834 [info] > git status -z -uall [14ms]
2024-12-31 08:11:55.837 [info] > git for-each-ref --sort -committerdate --format %(refname) %(objectname) %(*objectname) [5ms]
2024-12-31 08:12:05.068 [info] [Git][getRemotes] No remotes found in the git config file
2024-12-31 08:12:05.079 [info] > git config --get commit.template [12ms]
2024-12-31 08:12:05.081 [info] > git for-each-ref --format=%(refname)%00%(upstream:short)%00%(objectname)%00%(upstream:track)%00%(upstream:remotename)%00%(upstream:remoteref) refs/heads/main refs/remotes/main [3ms]
2024-12-31 08:12:05.081 [warning] [Git][getBranch] No such branch: main
2024-12-31 08:12:05.101 [info] > git status -z -uall [11ms]
2024-12-31 08:12:05.104 [info] > git for-each-ref --sort -committerdate --format %(refname) %(objectname) %(*objectname) [5ms]
2024-12-31 08:12:10.135 [info] [Git][getRemotes] No remotes found in the git config file
2024-12-31 08:12:10.137 [info] > git config --get commit.template [13ms]
2024-12-31 08:12:10.139 [info] > git for-each-ref --format=%(refname)%00%(upstream:short)%00%(objectname)%00%(upstream:track)%00%(upstream:remotename)%00%(upstream:remoteref) refs/heads/main refs/remotes/main [4ms]
2024-12-31 08:12:10.140 [warning] [Git][getBranch] No such branch: main
2024-12-31 08:12:10.158 [info] > git status -z -uall [9ms]
2024-12-31 08:12:10.160 [info] > git for-each-ref --sort -committerdate --format %(refname) %(objectname) %(*objectname) [3ms]
2024-12-31 08:13:10.191 [info] [Git][getRemotes] No remotes found in the git config file
2024-12-31 08:13:10.192 [info] > git config --get commit.template [11ms]
2024-12-31 08:13:10.194 [info] > git for-each-ref --format=%(refname)%00%(upstream:short)%00%(objectname)%00%(upstream:track)%00%(upstream:remotename)%00%(upstream:remoteref) refs/heads/main refs/remotes/main [4ms]
2024-12-31 08:13:10.194 [warning] [Git][getBranch] No such branch: main
2024-12-31 08:13:10.211 [info] > git status -z -uall [10ms]
2024-12-31 08:13:10.214 [info] > git for-each-ref --sort -committerdate --format %(refname) %(objectname) %(*objectname) [4ms]
2024-12-31 08:13:15.250 [info] [Git][getRemotes] No remotes found in the git config file
2024-12-31 08:13:15.252 [info] > git config --get commit.template [16ms]
2024-12-31 08:13:15.252 [info] > git for-each-ref --format=%(refname)%00%(upstream:short)%00%(objectname)%00%(upstream:track)%00%(upstream:remotename)%00%(upstream:remoteref) refs/heads/main refs/remotes/main [5ms]
2024-12-31 08:13:15.252 [warning] [Git][getBranch] No such branch: main
2024-12-31 08:13:15.272 [info] > git status -z -uall [11ms]
2024-12-31 08:13:15.275 [info] > git for-each-ref --sort -committerdate --format %(refname) %(objectname) %(*objectname) [4ms]
2024-12-31 08:13:37.324 [info] [Git][getRemotes] No remotes found in the git config file
2024-12-31 08:13:37.326 [info] > git config --get commit.template [17ms]
2024-12-31 08:13:37.328 [info] > git for-each-ref --format=%(refname)%00%(upstream:short)%00%(objectname)%00%(upstream:track)%00%(upstream:remotename)%00%(upstream:remoteref) refs/heads/main refs/remotes/main [5ms]
2024-12-31 08:13:37.329 [warning] [Git][getBranch] No such branch: main
2024-12-31 08:13:37.372 [info] > git status -z -uall [32ms]
2024-12-31 08:13:37.385 [info] > git for-each-ref --sort -committerdate --format %(refname) %(objectname) %(*objectname) [32ms]
2024-12-31 08:13:40.150 [info] > git fetch [14ms]
2024-12-31 08:13:40.173 [info] [Git][getRemotes] No remotes found in the git config file
2024-12-31 08:13:40.174 [info] > git config --get commit.template [10ms]
2024-12-31 08:13:40.176 [info] > git for-each-ref --format=%(refname)%00%(upstream:short)%00%(objectname)%00%(upstream:track)%00%(upstream:remotename)%00%(upstream:remoteref) refs/heads/main refs/remotes/main [4ms]
2024-12-31 08:13:40.176 [warning] [Git][getBranch] No such branch: main
2024-12-31 08:13:40.199 [info] > git status -z -uall [15ms]
2024-12-31 08:13:40.201 [info] > git for-each-ref --sort -committerdate --format %(refname) %(objectname) %(*objectname) [6ms]
2024-12-31 08:13:41.351 [info] > git ls-files --stage -- /home/devviking/Dev-2025/app-previsao-tempo/src/index.html [5ms]
2024-12-31 08:13:41.376 [info] > git show --textconv :src/index.html [4ms]
2024-12-31 08:13:42.416 [info] [Git][getRemotes] No remotes found in the git config file
2024-12-31 08:13:42.420 [info] > git for-each-ref --format=%(refname)%00%(upstream:short)%00%(objectname)%00%(upstream:track)%00%(upstream:remotename)%00%(upstream:remoteref) refs/heads/main refs/remotes/main [5ms]
2024-12-31 08:13:42.421 [warning] [Git][getBranch] No such branch: main
2024-12-31 08:13:42.421 [info] > git config --get commit.template [16ms]
2024-12-31 08:13:42.442 [info] > git status -z -uall [11ms]
2024-12-31 08:13:42.444 [info] > git for-each-ref --sort -committerdate --format %(refname) %(objectname) %(*objectname) [4ms]
2024-12-31 08:13:47.472 [info] > git config --get commit.template [9ms]
2024-12-31 08:13:47.473 [info] [Git][getRemotes] No remotes found in the git config file
2024-12-31 08:13:47.486 [info] > git for-each-ref --format=%(refname)%00%(upstream:short)%00%(objectname)%00%(upstream:track)%00%(upstream:remotename)%00%(upstream:remoteref) refs/heads/main refs/remotes/main [3ms]
2024-12-31 08:13:47.486 [warning] [Git][getBranch] No such branch: main
2024-12-31 08:13:47.506 [info] > git status -z -uall [10ms]
2024-12-31 08:13:47.508 [info] > git for-each-ref --sort -committerdate --format %(refname) %(objectname) %(*objectname) [3ms]
2024-12-31 08:14:08.999 [info] [Git][getRemotes] No remotes found in the git config file
2024-12-31 08:14:09.009 [info] > git config --get commit.template [11ms]
2024-12-31 08:14:09.013 [info] > git for-each-ref --format=%(refname)%00%(upstream:short)%00%(objectname)%00%(upstream:track)%00%(upstream:remotename)%00%(upstream:remoteref) refs/heads/main refs/remotes/main [7ms]
2024-12-31 08:14:09.014 [warning] [Git][getBranch] No such branch: main
2024-12-31 08:14:09.036 [info] > git status -z -uall [12ms]
2024-12-31 08:14:09.037 [info] > git for-each-ref --sort -committerdate --format %(refname) %(objectname) %(*objectname) [3ms]
2024-12-31 08:14:14.073 [info] [Git][getRemotes] No remotes found in the git config file
2024-12-31 08:14:14.074 [info] > git config --get commit.template [12ms]
2024-12-31 08:14:14.077 [info] > git for-each-ref --format=%(refname)%00%(upstream:short)%00%(objectname)%00%(upstream:track)%00%(upstream:remotename)%00%(upstream:remoteref) refs/heads/main refs/remotes/main [4ms]
2024-12-31 08:14:14.077 [warning] [Git][getBranch] No such branch: main
2024-12-31 08:14:14.106 [info] > git status -z -uall [17ms]
2024-12-31 08:14:14.109 [info] > git for-each-ref --sort -committerdate --format %(refname) %(objectname) %(*objectname) [3ms]
2024-12-31 08:14:19.134 [info] > git config --get commit.template [6ms]
2024-12-31 08:14:19.143 [info] [Git][getRemotes] No remotes found in the git config file
2024-12-31 08:14:19.147 [info] > git for-each-ref --format=%(refname)%00%(upstream:short)%00%(objectname)%00%(upstream:track)%00%(upstream:remotename)%00%(upstream:remoteref) refs/heads/main refs/remotes/main [4ms]
2024-12-31 08:14:19.147 [warning] [Git][getBranch] No such branch: main
2024-12-31 08:14:19.168 [info] > git status -z -uall [12ms]
2024-12-31 08:14:19.171 [info] > git for-each-ref --sort -committerdate --format %(refname) %(objectname) %(*objectname) [5ms]
2024-12-31 08:14:24.190 [info] [Git][getRemotes] No remotes found in the git config file
2024-12-31 08:14:24.191 [info] > git config --get commit.template [8ms]
2024-12-31 08:14:24.194 [info] > git for-each-ref --format=%(refname)%00%(upstream:short)%00%(objectname)%00%(upstream:track)%00%(upstream:remotename)%00%(upstream:remoteref) refs/heads/main refs/remotes/main [3ms]
2024-12-31 08:14:24.194 [warning] [Git][getBranch] No such branch: main
2024-12-31 08:14:24.204 [info] > git status -z -uall [5ms]
2024-12-31 08:14:24.206 [info] > git for-each-ref --sort -committerdate --format %(refname) %(objectname) %(*objectname) [3ms]
2024-12-31 08:14:29.241 [info] [Git][getRemotes] No remotes found in the git config file
2024-12-31 08:14:29.243 [info] > git config --get commit.template [13ms]
2024-12-31 08:14:29.250 [info] > git for-each-ref --format=%(refname)%00%(upstream:short)%00%(objectname)%00%(upstream:track)%00%(upstream:remotename)%00%(upstream:remoteref) refs/heads/main refs/remotes/main [9ms]
2024-12-31 08:14:29.251 [warning] [Git][getBranch] No such branch: main
2024-12-31 08:14:29.264 [info] > git status -z -uall [7ms]
2024-12-31 08:14:29.266 [info] > git for-each-ref --sort -committerdate --format %(refname) %(objectname) %(*objectname) [3ms]
