2025-01-13 21:03:45.737 [info] Experiment 'pythonRecommendTensorboardExt' is active
2025-01-13 21:03:45.737 [info] Experiment 'pythonTerminalEnvVarActivation' is active
2025-01-13 21:03:45.737 [info] Experiment 'pythonTestAdapter' is active
2025-01-13 21:03:45.737 [warning] Dir "/home/devviking/Dev-2025/Python-Code/Fundamentos/.pixi/envs" is not watchable (directory does not exist)
2025-01-13 21:03:45.737 [info] Starting Environment refresh
2025-01-13 21:03:45.737 [info] Searching for interpreters in posix paths locator
2025-01-13 21:03:45.737 [info] Searching for pyenv environments
2025-01-13 21:03:45.738 [info] Searching for conda environments
2025-01-13 21:03:45.738 [info] Searching for global virtual environments
2025-01-13 21:03:45.738 [info] Searching for custom virtual environments
2025-01-13 21:03:45.738 [info] pyenv is not installed
2025-01-13 21:03:45.738 [info] Finished searching for pyenv environments: 465 milliseconds
2025-01-13 21:03:45.738 [info] Finished searching for custom virtual envs: 463 milliseconds
2025-01-13 21:03:45.738 [info] > conda info --json
2025-01-13 21:03:45.738 [info] > hatch env show --json
2025-01-13 21:03:45.738 [info] cwd: .
2025-01-13 21:03:45.738 [info] Finished searching for global virtual envs: 637 milliseconds
2025-01-13 21:03:45.738 [info] Found: /bin/python3 --> /bin/python3.10
2025-01-13 21:03:45.741 [info] Found: /bin/python3.10 --> /bin/python3.10
2025-01-13 21:03:45.833 [info] Found: /usr/bin/python3 --> /usr/bin/python3.10
2025-01-13 21:03:45.834 [info] Found: /usr/bin/python3.10 --> /usr/bin/python3.10
2025-01-13 21:03:46.100 [info] Finished searching for interpreters in posix paths locator: 1029 milliseconds
2025-01-13 21:03:46.100 [info] > /bin/python3 -I ~/.vscode-server/extensions/ms-python.python-2024.22.2-linux-x64/python_files/get_output_via_markers.py ~/.vscode-server/extensions/ms-python.python-2024.22.2-linux-x64/python_files/interpreterInfo.py
2025-01-13 21:03:46.129 [info] > /usr/bin/python3 -I ~/.vscode-server/extensions/ms-python.python-2024.22.2-linux-x64/python_files/get_output_via_markers.py ~/.vscode-server/extensions/ms-python.python-2024.22.2-linux-x64/python_files/interpreterInfo.py
2025-01-13 21:03:46.129 [info] Environments refresh paths discovered (event): 1061 milliseconds
2025-01-13 21:03:46.129 [info] Environments refresh paths discovered: 1062 milliseconds
2025-01-13 21:03:46.176 [info] Environments refresh finished (event): 1109 milliseconds
2025-01-13 21:03:46.179 [info] Environment refresh took 1113 milliseconds
2025-01-13 21:03:46.184 [info] > pyenv which python
2025-01-13 21:03:46.184 [info] cwd: .
2025-01-13 21:03:46.267 [info] Python interpreter path: /bin/python3
2025-01-13 21:03:47.077 [info] Starting Pylance language server.
2025-01-13 21:05:04.031 [info] Discover tests for workspace name: Fundamentos - uri: /home/devviking/Dev-2025/Python-Code/Fundamentos/1-print.py
