2025-01-14 19:39:18.636 [info] Extension host with pid 27088 started
2025-01-14 19:39:18.793 [info] ExtensionService#_doActivateExtension vscode.emmet, startup: false, activationEvent: 'onLanguage'
2025-01-14 19:39:18.930 [info] ExtensionService#_doActivateExtension vscode.git-base, startup: true, activationEvent: '*', root cause: vscode.git
2025-01-14 19:39:18.931 [info] ExtensionService#_doActivateExtension 2gua.rainbow-brackets, startup: true, activationEvent: '*'
2025-01-14 19:39:18.931 [info] ExtensionService#_doActivateExtension oderwat.indent-rainbow, startup: true, activationEvent: '*'
2025-01-14 19:39:18.931 [info] ExtensionService#_doActivateExtension WakaTime.vscode-wakatime, startup: true, activationEvent: '*'
2025-01-14 19:39:19.502 [info] ExtensionService#_doActivateExtension vscode.git, startup: true, activationEvent: '*'
2025-01-14 19:39:19.503 [info] ExtensionService#_doActivateExtension vscode.github, startup: true, activationEvent: '*'
2025-01-14 19:39:20.144 [info] Eager extensions activated
2025-01-14 19:39:20.144 [info] ExtensionService#_doActivateExtension vscode.debug-auto-launch, startup: false, activationEvent: 'onStartupFinished'
2025-01-14 19:39:20.145 [info] ExtensionService#_doActivateExtension vscode.merge-conflict, startup: false, activationEvent: 'onStartupFinished'
2025-01-14 19:39:20.146 [info] ExtensionService#_doActivateExtension bradlc.vscode-tailwindcss, startup: false, activationEvent: 'onStartupFinished'
2025-01-14 19:39:20.146 [info] ExtensionService#_doActivateExtension dbaeumer.vscode-eslint, startup: false, activationEvent: 'onStartupFinished'
2025-01-14 19:39:20.147 [info] ExtensionService#_doActivateExtension eamodio.gitlens, startup: false, activationEvent: 'onStartupFinished'
2025-01-14 19:39:20.147 [info] ExtensionService#_doActivateExtension esbenp.prettier-vscode, startup: false, activationEvent: 'onStartupFinished'
2025-01-14 19:39:20.148 [info] ExtensionService#_doActivateExtension kisstkondoros.vscode-gutter-preview, startup: false, activationEvent: 'onStartupFinished'
2025-01-14 19:39:20.148 [info] ExtensionService#_doActivateExtension naumovs.color-highlight, startup: false, activationEvent: 'onStartupFinished'
2025-01-14 19:39:20.148 [info] ExtensionService#_doActivateExtension ritwickdey.LiveServer, startup: false, activationEvent: 'onStartupFinished'
2025-01-14 19:39:21.155 [info] ExtensionService#_doActivateExtension ms-vsliveshare.vsliveshare, startup: false, activationEvent: 'api', root cause: ritwickdey.LiveServer
2025-01-14 19:43:06.301 [info] Extension host terminating: received terminate message from renderer
2025-01-14 19:43:06.425 [error] Canceled: Canceled
	at new IT (file:///home/devviking/.vscode-server/bin/91fbdddc47bc9c09064bf7acf133d22631cbf083/out/vs/workbench/api/node/extensionHostProcess.js:32:153476)
	at Dy.U (file:///home/devviking/.vscode-server/bin/91fbdddc47bc9c09064bf7acf133d22631cbf083/out/vs/workbench/api/node/extensionHostProcess.js:32:158086)
	at s.<computed>.n.charCodeAt.s.<computed> (file:///home/devviking/.vscode-server/bin/91fbdddc47bc9c09064bf7acf133d22631cbf083/out/vs/workbench/api/node/extensionHostProcess.js:32:155580)
	at cw.g (file:///home/devviking/.vscode-server/bin/91fbdddc47bc9c09064bf7acf133d22631cbf083/out/vs/workbench/api/node/extensionHostProcess.js:115:32313)
	at cw.executeCommand (file:///home/devviking/.vscode-server/bin/91fbdddc47bc9c09064bf7acf133d22631cbf083/out/vs/workbench/api/node/extensionHostProcess.js:115:31817)
	at r.registerCommand.description (file:///home/devviking/.vscode-server/bin/91fbdddc47bc9c09064bf7acf133d22631cbf083/out/vs/workbench/api/node/extensionHostProcess.js:115:31147)
	at cw.h (file:///home/devviking/.vscode-server/bin/91fbdddc47bc9c09064bf7acf133d22631cbf083/out/vs/workbench/api/node/extensionHostProcess.js:115:32833)
	at cw.g (file:///home/devviking/.vscode-server/bin/91fbdddc47bc9c09064bf7acf133d22631cbf083/out/vs/workbench/api/node/extensionHostProcess.js:115:31910)
	at cw.executeCommand (file:///home/devviking/.vscode-server/bin/91fbdddc47bc9c09064bf7acf133d22631cbf083/out/vs/workbench/api/node/extensionHostProcess.js:115:31817)
	at Object.executeCommand (file:///home/devviking/.vscode-server/bin/91fbdddc47bc9c09064bf7acf133d22631cbf083/out/vs/workbench/api/node/extensionHostProcess.js:157:37484)
	at f (/home/devviking/.vscode-server/extensions/eamodio.gitlens-16.1.1/dist/gitlens.js:1485:14138)
	at c (/home/devviking/.vscode-server/extensions/eamodio.gitlens-16.1.1/dist/gitlens.js:1485:18699)
	at ActionRunners._updateContextKeys (/home/devviking/.vscode-server/extensions/eamodio.gitlens-16.1.1/dist/gitlens.js:1104:69975)
	at s (/home/devviking/.vscode-server/extensions/eamodio.gitlens-16.1.1/dist/gitlens.js:1104:68419)
	at RegisteredActionRunner.unregister (/home/devviking/.vscode-server/extensions/eamodio.gitlens-16.1.1/dist/gitlens.js:1104:68562)
	at RegisteredActionRunner.dispose (/home/devviking/.vscode-server/extensions/eamodio.gitlens-16.1.1/dist/gitlens.js:1104:67229)
	at ActionRunners.dispose (/home/devviking/.vscode-server/extensions/eamodio.gitlens-16.1.1/dist/gitlens.js:1104:68002)
	at /home/devviking/.vscode-server/extensions/eamodio.gitlens-16.1.1/dist/gitlens.js:1429:14976
	at Array.forEach (<anonymous>)
	at Object.dispose (/home/devviking/.vscode-server/extensions/eamodio.gitlens-16.1.1/dist/gitlens.js:1429:14958)
	at ai (file:///home/devviking/.vscode-server/bin/91fbdddc47bc9c09064bf7acf133d22631cbf083/out/vs/workbench/api/node/extensionHostProcess.js:25:699)
	at file:///home/devviking/.vscode-server/bin/91fbdddc47bc9c09064bf7acf133d22631cbf083/out/vs/workbench/api/node/extensionHostProcess.js:119:14992
	at file:///home/devviking/.vscode-server/bin/91fbdddc47bc9c09064bf7acf133d22631cbf083/out/vs/workbench/api/node/extensionHostProcess.js:25:1009
	at Object.dispose (file:///home/devviking/.vscode-server/bin/91fbdddc47bc9c09064bf7acf133d22631cbf083/out/vs/workbench/api/node/extensionHostProcess.js:8:705)
	at zz.eb (file:///home/devviking/.vscode-server/bin/91fbdddc47bc9c09064bf7acf133d22631cbf083/out/vs/workbench/api/node/extensionHostProcess.js:119:11919)
	at file:///home/devviking/.vscode-server/bin/91fbdddc47bc9c09064bf7acf133d22631cbf083/out/vs/workbench/api/node/extensionHostProcess.js:119:9874
	at Array.map (<anonymous>)
	at zz.$ (file:///home/devviking/.vscode-server/bin/91fbdddc47bc9c09064bf7acf133d22631cbf083/out/vs/workbench/api/node/extensionHostProcess.js:119:9862)
	at zz.terminate (file:///home/devviking/.vscode-server/bin/91fbdddc47bc9c09064bf7acf133d22631cbf083/out/vs/workbench/api/node/extensionHostProcess.js:119:10105)
	at Q3.terminate (file:///home/devviking/.vscode-server/bin/91fbdddc47bc9c09064bf7acf133d22631cbf083/out/vs/workbench/api/node/extensionHostProcess.js:120:1424)
	at Zi (file:///home/devviking/.vscode-server/bin/91fbdddc47bc9c09064bf7acf133d22631cbf083/out/vs/workbench/api/node/extensionHostProcess.js:175:15080)
	at Sh.value (file:///home/devviking/.vscode-server/bin/91fbdddc47bc9c09064bf7acf133d22631cbf083/out/vs/workbench/api/node/extensionHostProcess.js:175:13241)
	at P.B (file:///home/devviking/.vscode-server/bin/91fbdddc47bc9c09064bf7acf133d22631cbf083/out/vs/workbench/api/node/extensionHostProcess.js:30:746)
	at P.fire (file:///home/devviking/.vscode-server/bin/91fbdddc47bc9c09064bf7acf133d22631cbf083/out/vs/workbench/api/node/extensionHostProcess.js:30:964)
	at Vn.fire (file:///home/devviking/.vscode-server/bin/91fbdddc47bc9c09064bf7acf133d22631cbf083/out/vs/workbench/api/node/extensionHostProcess.js:32:9457)
	at Wm.A (file:///home/devviking/.vscode-server/bin/91fbdddc47bc9c09064bf7acf133d22631cbf083/out/vs/workbench/api/node/extensionHostProcess.js:32:12573)
	at Sh.value (file:///home/devviking/.vscode-server/bin/91fbdddc47bc9c09064bf7acf133d22631cbf083/out/vs/workbench/api/node/extensionHostProcess.js:32:10993)
	at P.B (file:///home/devviking/.vscode-server/bin/91fbdddc47bc9c09064bf7acf133d22631cbf083/out/vs/workbench/api/node/extensionHostProcess.js:30:746)
	at P.fire (file:///home/devviking/.vscode-server/bin/91fbdddc47bc9c09064bf7acf133d22631cbf083/out/vs/workbench/api/node/extensionHostProcess.js:30:964)
	at s6.acceptChunk (file:///home/devviking/.vscode-server/bin/91fbdddc47bc9c09064bf7acf133d22631cbf083/out/vs/workbench/api/node/extensionHostProcess.js:32:7940)
	at Sh.value (file:///home/devviking/.vscode-server/bin/91fbdddc47bc9c09064bf7acf133d22631cbf083/out/vs/workbench/api/node/extensionHostProcess.js:32:7226)
	at P.B (file:///home/devviking/.vscode-server/bin/91fbdddc47bc9c09064bf7acf133d22631cbf083/out/vs/workbench/api/node/extensionHostProcess.js:30:746)
	at P.fire (file:///home/devviking/.vscode-server/bin/91fbdddc47bc9c09064bf7acf133d22631cbf083/out/vs/workbench/api/node/extensionHostProcess.js:30:964)
	at vA.z (file:///home/devviking/.vscode-server/bin/91fbdddc47bc9c09064bf7acf133d22631cbf083/out/vs/workbench/api/node/extensionHostProcess.js:32:21944)
	at vA.acceptFrame (file:///home/devviking/.vscode-server/bin/91fbdddc47bc9c09064bf7acf133d22631cbf083/out/vs/workbench/api/node/extensionHostProcess.js:32:21750)
	at mA.n (file:///home/devviking/.vscode-server/bin/91fbdddc47bc9c09064bf7acf133d22631cbf083/out/vs/workbench/api/node/extensionHostProcess.js:32:20278)
	at file:///home/devviking/.vscode-server/bin/91fbdddc47bc9c09064bf7acf133d22631cbf083/out/vs/workbench/api/node/extensionHostProcess.js:32:17510
	at Socket.t (file:///home/devviking/.vscode-server/bin/91fbdddc47bc9c09064bf7acf133d22631cbf083/out/vs/workbench/api/node/extensionHostProcess.js:32:15451)
	at Socket.emit (node:events:518:28)
	at addChunk (node:internal/streams/readable:561:12)
	at readableAddChunkPushByteMode (node:internal/streams/readable:512:3)
	at Readable.push (node:internal/streams/readable:392:5)
	at TCP.onStreamRead (node:internal/stream_base_commons:191:23) setContext undefined
2025-01-14 19:43:06.426 [error] Canceled: Canceled
	at new IT (file:///home/devviking/.vscode-server/bin/91fbdddc47bc9c09064bf7acf133d22631cbf083/out/vs/workbench/api/node/extensionHostProcess.js:32:153476)
	at Dy.U (file:///home/devviking/.vscode-server/bin/91fbdddc47bc9c09064bf7acf133d22631cbf083/out/vs/workbench/api/node/extensionHostProcess.js:32:158086)
	at s.<computed>.n.charCodeAt.s.<computed> (file:///home/devviking/.vscode-server/bin/91fbdddc47bc9c09064bf7acf133d22631cbf083/out/vs/workbench/api/node/extensionHostProcess.js:32:155580)
	at cw.g (file:///home/devviking/.vscode-server/bin/91fbdddc47bc9c09064bf7acf133d22631cbf083/out/vs/workbench/api/node/extensionHostProcess.js:115:32313)
	at cw.executeCommand (file:///home/devviking/.vscode-server/bin/91fbdddc47bc9c09064bf7acf133d22631cbf083/out/vs/workbench/api/node/extensionHostProcess.js:115:31817)
	at r.registerCommand.description (file:///home/devviking/.vscode-server/bin/91fbdddc47bc9c09064bf7acf133d22631cbf083/out/vs/workbench/api/node/extensionHostProcess.js:115:31147)
	at cw.h (file:///home/devviking/.vscode-server/bin/91fbdddc47bc9c09064bf7acf133d22631cbf083/out/vs/workbench/api/node/extensionHostProcess.js:115:32833)
	at cw.g (file:///home/devviking/.vscode-server/bin/91fbdddc47bc9c09064bf7acf133d22631cbf083/out/vs/workbench/api/node/extensionHostProcess.js:115:31910)
	at cw.executeCommand (file:///home/devviking/.vscode-server/bin/91fbdddc47bc9c09064bf7acf133d22631cbf083/out/vs/workbench/api/node/extensionHostProcess.js:115:31817)
	at Object.executeCommand (file:///home/devviking/.vscode-server/bin/91fbdddc47bc9c09064bf7acf133d22631cbf083/out/vs/workbench/api/node/extensionHostProcess.js:157:37484)
	at f (/home/devviking/.vscode-server/extensions/eamodio.gitlens-16.1.1/dist/gitlens.js:1485:14138)
	at c (/home/devviking/.vscode-server/extensions/eamodio.gitlens-16.1.1/dist/gitlens.js:1485:18699)
	at ActionRunners._updateContextKeys (/home/devviking/.vscode-server/extensions/eamodio.gitlens-16.1.1/dist/gitlens.js:1104:69975)
	at s (/home/devviking/.vscode-server/extensions/eamodio.gitlens-16.1.1/dist/gitlens.js:1104:68419)
	at RegisteredActionRunner.unregister (/home/devviking/.vscode-server/extensions/eamodio.gitlens-16.1.1/dist/gitlens.js:1104:68562)
	at RegisteredActionRunner.dispose (/home/devviking/.vscode-server/extensions/eamodio.gitlens-16.1.1/dist/gitlens.js:1104:67229)
	at ActionRunners.dispose (/home/devviking/.vscode-server/extensions/eamodio.gitlens-16.1.1/dist/gitlens.js:1104:68002)
	at /home/devviking/.vscode-server/extensions/eamodio.gitlens-16.1.1/dist/gitlens.js:1429:14976
	at Array.forEach (<anonymous>)
	at Object.dispose (/home/devviking/.vscode-server/extensions/eamodio.gitlens-16.1.1/dist/gitlens.js:1429:14958)
	at ai (file:///home/devviking/.vscode-server/bin/91fbdddc47bc9c09064bf7acf133d22631cbf083/out/vs/workbench/api/node/extensionHostProcess.js:25:699)
	at file:///home/devviking/.vscode-server/bin/91fbdddc47bc9c09064bf7acf133d22631cbf083/out/vs/workbench/api/node/extensionHostProcess.js:119:14992
	at file:///home/devviking/.vscode-server/bin/91fbdddc47bc9c09064bf7acf133d22631cbf083/out/vs/workbench/api/node/extensionHostProcess.js:25:1009
	at Object.dispose (file:///home/devviking/.vscode-server/bin/91fbdddc47bc9c09064bf7acf133d22631cbf083/out/vs/workbench/api/node/extensionHostProcess.js:8:705)
	at zz.eb (file:///home/devviking/.vscode-server/bin/91fbdddc47bc9c09064bf7acf133d22631cbf083/out/vs/workbench/api/node/extensionHostProcess.js:119:11919)
	at file:///home/devviking/.vscode-server/bin/91fbdddc47bc9c09064bf7acf133d22631cbf083/out/vs/workbench/api/node/extensionHostProcess.js:119:9874
	at Array.map (<anonymous>)
	at zz.$ (file:///home/devviking/.vscode-server/bin/91fbdddc47bc9c09064bf7acf133d22631cbf083/out/vs/workbench/api/node/extensionHostProcess.js:119:9862)
	at zz.terminate (file:///home/devviking/.vscode-server/bin/91fbdddc47bc9c09064bf7acf133d22631cbf083/out/vs/workbench/api/node/extensionHostProcess.js:119:10105)
	at Q3.terminate (file:///home/devviking/.vscode-server/bin/91fbdddc47bc9c09064bf7acf133d22631cbf083/out/vs/workbench/api/node/extensionHostProcess.js:120:1424)
	at Zi (file:///home/devviking/.vscode-server/bin/91fbdddc47bc9c09064bf7acf133d22631cbf083/out/vs/workbench/api/node/extensionHostProcess.js:175:15080)
	at Sh.value (file:///home/devviking/.vscode-server/bin/91fbdddc47bc9c09064bf7acf133d22631cbf083/out/vs/workbench/api/node/extensionHostProcess.js:175:13241)
	at P.B (file:///home/devviking/.vscode-server/bin/91fbdddc47bc9c09064bf7acf133d22631cbf083/out/vs/workbench/api/node/extensionHostProcess.js:30:746)
	at P.fire (file:///home/devviking/.vscode-server/bin/91fbdddc47bc9c09064bf7acf133d22631cbf083/out/vs/workbench/api/node/extensionHostProcess.js:30:964)
	at Vn.fire (file:///home/devviking/.vscode-server/bin/91fbdddc47bc9c09064bf7acf133d22631cbf083/out/vs/workbench/api/node/extensionHostProcess.js:32:9457)
	at Wm.A (file:///home/devviking/.vscode-server/bin/91fbdddc47bc9c09064bf7acf133d22631cbf083/out/vs/workbench/api/node/extensionHostProcess.js:32:12573)
	at Sh.value (file:///home/devviking/.vscode-server/bin/91fbdddc47bc9c09064bf7acf133d22631cbf083/out/vs/workbench/api/node/extensionHostProcess.js:32:10993)
	at P.B (file:///home/devviking/.vscode-server/bin/91fbdddc47bc9c09064bf7acf133d22631cbf083/out/vs/workbench/api/node/extensionHostProcess.js:30:746)
	at P.fire (file:///home/devviking/.vscode-server/bin/91fbdddc47bc9c09064bf7acf133d22631cbf083/out/vs/workbench/api/node/extensionHostProcess.js:30:964)
	at s6.acceptChunk (file:///home/devviking/.vscode-server/bin/91fbdddc47bc9c09064bf7acf133d22631cbf083/out/vs/workbench/api/node/extensionHostProcess.js:32:7940)
	at Sh.value (file:///home/devviking/.vscode-server/bin/91fbdddc47bc9c09064bf7acf133d22631cbf083/out/vs/workbench/api/node/extensionHostProcess.js:32:7226)
	at P.B (file:///home/devviking/.vscode-server/bin/91fbdddc47bc9c09064bf7acf133d22631cbf083/out/vs/workbench/api/node/extensionHostProcess.js:30:746)
	at P.fire (file:///home/devviking/.vscode-server/bin/91fbdddc47bc9c09064bf7acf133d22631cbf083/out/vs/workbench/api/node/extensionHostProcess.js:30:964)
	at vA.z (file:///home/devviking/.vscode-server/bin/91fbdddc47bc9c09064bf7acf133d22631cbf083/out/vs/workbench/api/node/extensionHostProcess.js:32:21944)
	at vA.acceptFrame (file:///home/devviking/.vscode-server/bin/91fbdddc47bc9c09064bf7acf133d22631cbf083/out/vs/workbench/api/node/extensionHostProcess.js:32:21750)
	at mA.n (file:///home/devviking/.vscode-server/bin/91fbdddc47bc9c09064bf7acf133d22631cbf083/out/vs/workbench/api/node/extensionHostProcess.js:32:20278)
	at file:///home/devviking/.vscode-server/bin/91fbdddc47bc9c09064bf7acf133d22631cbf083/out/vs/workbench/api/node/extensionHostProcess.js:32:17510
	at Socket.t (file:///home/devviking/.vscode-server/bin/91fbdddc47bc9c09064bf7acf133d22631cbf083/out/vs/workbench/api/node/extensionHostProcess.js:32:15451)
	at Socket.emit (node:events:518:28)
	at addChunk (node:internal/streams/readable:561:12)
	at readableAddChunkPushByteMode (node:internal/streams/readable:512:3)
	at Readable.push (node:internal/streams/readable:392:5)
	at TCP.onStreamRead (node:internal/stream_base_commons:191:23) setContext undefined
2025-01-14 19:43:06.426 [error] Canceled: Canceled
	at new IT (file:///home/devviking/.vscode-server/bin/91fbdddc47bc9c09064bf7acf133d22631cbf083/out/vs/workbench/api/node/extensionHostProcess.js:32:153476)
	at Dy.U (file:///home/devviking/.vscode-server/bin/91fbdddc47bc9c09064bf7acf133d22631cbf083/out/vs/workbench/api/node/extensionHostProcess.js:32:158086)
	at s.<computed>.n.charCodeAt.s.<computed> (file:///home/devviking/.vscode-server/bin/91fbdddc47bc9c09064bf7acf133d22631cbf083/out/vs/workbench/api/node/extensionHostProcess.js:32:155580)
	at cw.g (file:///home/devviking/.vscode-server/bin/91fbdddc47bc9c09064bf7acf133d22631cbf083/out/vs/workbench/api/node/extensionHostProcess.js:115:32313)
	at cw.executeCommand (file:///home/devviking/.vscode-server/bin/91fbdddc47bc9c09064bf7acf133d22631cbf083/out/vs/workbench/api/node/extensionHostProcess.js:115:31817)
	at r.registerCommand.description (file:///home/devviking/.vscode-server/bin/91fbdddc47bc9c09064bf7acf133d22631cbf083/out/vs/workbench/api/node/extensionHostProcess.js:115:31147)
	at cw.h (file:///home/devviking/.vscode-server/bin/91fbdddc47bc9c09064bf7acf133d22631cbf083/out/vs/workbench/api/node/extensionHostProcess.js:115:32833)
	at cw.g (file:///home/devviking/.vscode-server/bin/91fbdddc47bc9c09064bf7acf133d22631cbf083/out/vs/workbench/api/node/extensionHostProcess.js:115:31910)
	at cw.executeCommand (file:///home/devviking/.vscode-server/bin/91fbdddc47bc9c09064bf7acf133d22631cbf083/out/vs/workbench/api/node/extensionHostProcess.js:115:31817)
	at Object.executeCommand (file:///home/devviking/.vscode-server/bin/91fbdddc47bc9c09064bf7acf133d22631cbf083/out/vs/workbench/api/node/extensionHostProcess.js:157:37484)
	at f (/home/devviking/.vscode-server/extensions/eamodio.gitlens-16.1.1/dist/gitlens.js:1485:14138)
	at c (/home/devviking/.vscode-server/extensions/eamodio.gitlens-16.1.1/dist/gitlens.js:1485:18699)
	at ActionRunners._updateContextKeys (/home/devviking/.vscode-server/extensions/eamodio.gitlens-16.1.1/dist/gitlens.js:1104:69975)
	at s (/home/devviking/.vscode-server/extensions/eamodio.gitlens-16.1.1/dist/gitlens.js:1104:68419)
	at RegisteredActionRunner.unregister (/home/devviking/.vscode-server/extensions/eamodio.gitlens-16.1.1/dist/gitlens.js:1104:68562)
	at RegisteredActionRunner.dispose (/home/devviking/.vscode-server/extensions/eamodio.gitlens-16.1.1/dist/gitlens.js:1104:67229)
	at ActionRunners.dispose (/home/devviking/.vscode-server/extensions/eamodio.gitlens-16.1.1/dist/gitlens.js:1104:68002)
	at /home/devviking/.vscode-server/extensions/eamodio.gitlens-16.1.1/dist/gitlens.js:1429:14976
	at Array.forEach (<anonymous>)
	at Object.dispose (/home/devviking/.vscode-server/extensions/eamodio.gitlens-16.1.1/dist/gitlens.js:1429:14958)
	at ai (file:///home/devviking/.vscode-server/bin/91fbdddc47bc9c09064bf7acf133d22631cbf083/out/vs/workbench/api/node/extensionHostProcess.js:25:699)
	at file:///home/devviking/.vscode-server/bin/91fbdddc47bc9c09064bf7acf133d22631cbf083/out/vs/workbench/api/node/extensionHostProcess.js:119:14992
	at file:///home/devviking/.vscode-server/bin/91fbdddc47bc9c09064bf7acf133d22631cbf083/out/vs/workbench/api/node/extensionHostProcess.js:25:1009
	at Object.dispose (file:///home/devviking/.vscode-server/bin/91fbdddc47bc9c09064bf7acf133d22631cbf083/out/vs/workbench/api/node/extensionHostProcess.js:8:705)
	at zz.eb (file:///home/devviking/.vscode-server/bin/91fbdddc47bc9c09064bf7acf133d22631cbf083/out/vs/workbench/api/node/extensionHostProcess.js:119:11919)
	at file:///home/devviking/.vscode-server/bin/91fbdddc47bc9c09064bf7acf133d22631cbf083/out/vs/workbench/api/node/extensionHostProcess.js:119:9874
	at Array.map (<anonymous>)
	at zz.$ (file:///home/devviking/.vscode-server/bin/91fbdddc47bc9c09064bf7acf133d22631cbf083/out/vs/workbench/api/node/extensionHostProcess.js:119:9862)
	at zz.terminate (file:///home/devviking/.vscode-server/bin/91fbdddc47bc9c09064bf7acf133d22631cbf083/out/vs/workbench/api/node/extensionHostProcess.js:119:10105)
	at Q3.terminate (file:///home/devviking/.vscode-server/bin/91fbdddc47bc9c09064bf7acf133d22631cbf083/out/vs/workbench/api/node/extensionHostProcess.js:120:1424)
	at Zi (file:///home/devviking/.vscode-server/bin/91fbdddc47bc9c09064bf7acf133d22631cbf083/out/vs/workbench/api/node/extensionHostProcess.js:175:15080)
	at Sh.value (file:///home/devviking/.vscode-server/bin/91fbdddc47bc9c09064bf7acf133d22631cbf083/out/vs/workbench/api/node/extensionHostProcess.js:175:13241)
	at P.B (file:///home/devviking/.vscode-server/bin/91fbdddc47bc9c09064bf7acf133d22631cbf083/out/vs/workbench/api/node/extensionHostProcess.js:30:746)
	at P.fire (file:///home/devviking/.vscode-server/bin/91fbdddc47bc9c09064bf7acf133d22631cbf083/out/vs/workbench/api/node/extensionHostProcess.js:30:964)
	at Vn.fire (file:///home/devviking/.vscode-server/bin/91fbdddc47bc9c09064bf7acf133d22631cbf083/out/vs/workbench/api/node/extensionHostProcess.js:32:9457)
	at Wm.A (file:///home/devviking/.vscode-server/bin/91fbdddc47bc9c09064bf7acf133d22631cbf083/out/vs/workbench/api/node/extensionHostProcess.js:32:12573)
	at Sh.value (file:///home/devviking/.vscode-server/bin/91fbdddc47bc9c09064bf7acf133d22631cbf083/out/vs/workbench/api/node/extensionHostProcess.js:32:10993)
	at P.B (file:///home/devviking/.vscode-server/bin/91fbdddc47bc9c09064bf7acf133d22631cbf083/out/vs/workbench/api/node/extensionHostProcess.js:30:746)
	at P.fire (file:///home/devviking/.vscode-server/bin/91fbdddc47bc9c09064bf7acf133d22631cbf083/out/vs/workbench/api/node/extensionHostProcess.js:30:964)
	at s6.acceptChunk (file:///home/devviking/.vscode-server/bin/91fbdddc47bc9c09064bf7acf133d22631cbf083/out/vs/workbench/api/node/extensionHostProcess.js:32:7940)
	at Sh.value (file:///home/devviking/.vscode-server/bin/91fbdddc47bc9c09064bf7acf133d22631cbf083/out/vs/workbench/api/node/extensionHostProcess.js:32:7226)
	at P.B (file:///home/devviking/.vscode-server/bin/91fbdddc47bc9c09064bf7acf133d22631cbf083/out/vs/workbench/api/node/extensionHostProcess.js:30:746)
	at P.fire (file:///home/devviking/.vscode-server/bin/91fbdddc47bc9c09064bf7acf133d22631cbf083/out/vs/workbench/api/node/extensionHostProcess.js:30:964)
	at vA.z (file:///home/devviking/.vscode-server/bin/91fbdddc47bc9c09064bf7acf133d22631cbf083/out/vs/workbench/api/node/extensionHostProcess.js:32:21944)
	at vA.acceptFrame (file:///home/devviking/.vscode-server/bin/91fbdddc47bc9c09064bf7acf133d22631cbf083/out/vs/workbench/api/node/extensionHostProcess.js:32:21750)
	at mA.n (file:///home/devviking/.vscode-server/bin/91fbdddc47bc9c09064bf7acf133d22631cbf083/out/vs/workbench/api/node/extensionHostProcess.js:32:20278)
	at file:///home/devviking/.vscode-server/bin/91fbdddc47bc9c09064bf7acf133d22631cbf083/out/vs/workbench/api/node/extensionHostProcess.js:32:17510
	at Socket.t (file:///home/devviking/.vscode-server/bin/91fbdddc47bc9c09064bf7acf133d22631cbf083/out/vs/workbench/api/node/extensionHostProcess.js:32:15451)
	at Socket.emit (node:events:518:28)
	at addChunk (node:internal/streams/readable:561:12)
	at readableAddChunkPushByteMode (node:internal/streams/readable:512:3)
	at Readable.push (node:internal/streams/readable:392:5)
	at TCP.onStreamRead (node:internal/stream_base_commons:191:23) setContext undefined
2025-01-14 19:43:06.496 [info] Extension host with pid 27088 exiting with code 0
