0 verbose cli /home/devviking/.nvm/versions/node/v20.13.1/bin/node /home/devviking/.nvm/versions/node/v20.13.1/bin/npm
1 info using npm@10.5.2
2 info using node@v20.13.1
3 timing npm:load:whichnode Completed in 1ms
4 timing config:load:defaults Completed in 2ms
5 timing config:load:file:/home/devviking/.nvm/versions/node/v20.13.1/lib/node_modules/npm/npmrc Completed in 1ms
6 timing config:load:builtin Completed in 1ms
7 timing config:load:cli Completed in 1ms
8 timing config:load:env Completed in 1ms
9 timing config:load:file:/mnt/d/aprendizado-dev-quest/javascript-avancado/16-gerenciando-pacotes-npm/.npmrc Completed in 1ms
10 timing config:load:project Completed in 5ms
11 timing config:load:file:/home/devviking/.npmrc Completed in 0ms
12 timing config:load:user Completed in 0ms
13 timing config:load:file:/home/devviking/.nvm/versions/node/v20.13.1/etc/npmrc Completed in 0ms
14 timing config:load:global Completed in 0ms
15 timing config:load:setEnvs Completed in 0ms
16 timing config:load Completed in 11ms
17 timing npm:load:configload Completed in 11ms
18 timing config:load:flatten Completed in 2ms
19 timing npm:load:mkdirpcache Completed in 1ms
20 timing npm:load:mkdirplogs Completed in 0ms
21 verbose title npm install kind-of
22 verbose argv "install" "kind-of" "--save"
23 timing npm:load:setTitle Completed in 1ms
24 timing npm:load:display Completed in 0ms
25 verbose logfile logs-max:10 dir:/home/devviking/.npm/_logs/2024-05-13T01_39_56_016Z-
26 verbose logfile /home/devviking/.npm/_logs/2024-05-13T01_39_56_016Z-debug-0.log
27 timing npm:load:logFile Completed in 2ms
28 timing npm:load:timers Completed in 0ms
29 timing npm:load:configScope Completed in 0ms
30 timing npm:load Completed in 30ms
31 timing arborist:ctor Completed in 1ms
32 silly logfile done cleaning log files
33 timing arborist:ctor Completed in 0ms
34 timing idealTree:init Completed in 15ms
35 timing idealTree:userRequests Completed in 3ms
36 silly idealTree buildDeps
37 silly fetch manifest kind-of@*
38 http fetch GET 200 https://registry.npmjs.org/kind-of 1045ms (cache miss)
39 silly placeDep ROOT kind-of@6.0.3 OK for: usando-npm@1.0.0 want: *
40 timing idealTree:#root Completed in 1054ms
41 timing idealTree:node_modules/kind-of Completed in 0ms
42 timing idealTree:buildDeps Completed in 1055ms
43 timing idealTree:fixDepFlags Completed in 1ms
44 timing idealTree Completed in 1074ms
45 timing reify:loadTrees Completed in 1075ms
46 timing reify:diffTrees Completed in 0ms
47 silly reify moves {}
48 timing reify:retireShallow Completed in 2ms
49 timing reify:createSparse Completed in 1651ms
50 timing reify:loadBundles Completed in 0ms
51 silly audit bulk request { 'kind-of': [ '6.0.3' ] }
52 silly tarball no local data for kind-of@https://registry.npmjs.org/kind-of/-/kind-of-6.0.3.tgz. Extracting by manifest.
53 http fetch GET 200 https://registry.npmjs.org/kind-of/-/kind-of-6.0.3.tgz 151ms (cache miss)
54 timing reifyNode:node_modules/kind-of Completed in 166ms
55 timing reify:unpack Completed in 166ms
56 timing reify:unretire Completed in 0ms
57 timing build:queue Completed in 3ms
58 timing build:deps Completed in 5ms
59 timing build Completed in 6ms
60 timing reify:build Completed in 6ms
61 timing reify:trash Completed in 0ms
62 timing reify:save Completed in 16ms
63 http fetch POST 200 https://registry.npmjs.org/-/npm/v1/security/advisories/bulk 845ms
64 timing auditReport:getReport Completed in 845ms
65 silly audit report {}
66 timing auditReport:init Completed in 0ms
67 timing reify:audit Completed in 846ms
68 timing reify Completed in 3579ms
69 silly ADD node_modules/kind-of
70 timing command:install Completed in 3584ms
71 verbose exit 0
72 timing npm Completed in 3825ms
73 info ok
