0 verbose cli /home/devviking/.nvm/versions/node/v20.13.1/bin/node /home/devviking/.nvm/versions/node/v20.13.1/bin/npm
1 info using npm@10.5.2
2 info using node@v20.13.1
3 timing npm:load:whichnode Completed in 3ms
4 timing config:load:defaults Completed in 3ms
5 timing config:load:file:/home/devviking/.nvm/versions/node/v20.13.1/lib/node_modules/npm/npmrc Completed in 1ms
6 timing config:load:builtin Completed in 1ms
7 timing config:load:cli Completed in 3ms
8 timing config:load:env Completed in 0ms
9 timing config:load:file:/home/devviking/.cache/typescript/5.7/.npmrc Completed in 0ms
10 timing config:load:project Completed in 3ms
11 timing config:load:file:/home/devviking/.npmrc Completed in 0ms
12 timing config:load:user Completed in 0ms
13 timing config:load:file:/home/devviking/.nvm/versions/node/v20.13.1/etc/npmrc Completed in 1ms
14 timing config:load:global Completed in 1ms
15 timing config:load:setEnvs Completed in 1ms
16 timing config:load Completed in 12ms
17 timing npm:load:configload Completed in 12ms
18 timing config:load:flatten Completed in 4ms
19 timing npm:load:mkdirpcache Completed in 1ms
20 timing npm:load:mkdirplogs Completed in 0ms
21 verbose title npm install types-registry@latest
22 verbose argv "install" "--ignore-scripts" "types-registry@latest"
23 timing npm:load:setTitle Completed in 2ms
24 timing npm:load:display Completed in 1ms
25 verbose logfile logs-max:10 dir:/home/devviking/.npm/_logs/2025-01-13T01_13_34_833Z-
26 verbose logfile /home/devviking/.npm/_logs/2025-01-13T01_13_34_833Z-debug-0.log
27 timing npm:load:logFile Completed in 2ms
28 timing npm:load:timers Completed in 0ms
29 timing npm:load:configScope Completed in 0ms
30 timing npm:load Completed in 49ms
31 timing arborist:ctor Completed in 1ms
32 silly logfile done cleaning log files
33 timing idealTree:init Completed in 17ms
34 timing arborist:ctor Completed in 0ms
35 http fetch GET 200 https://registry.npmjs.org/types-registry 26ms (cache hit)
36 timing idealTree:userRequests Completed in 37ms
37 silly idealTree buildDeps
38 silly fetch manifest types-registry@0.1.703
39 silly placeDep ROOT types-registry@0.1.703 REPLACE for:  want: 0.1.703
40 timing idealTree:#root Completed in 9ms
41 timing idealTree:node_modules/types-registry Completed in 0ms
42 timing idealTree:buildDeps Completed in 10ms
43 timing idealTree:fixDepFlags Completed in 1ms
44 timing idealTree Completed in 65ms
45 timing reify:loadTrees Completed in 66ms
46 timing reify:diffTrees Completed in 1ms
47 silly reify moves {}
48 timing reify:retireShallow Completed in 2ms
49 timing reify:createSparse Completed in 0ms
50 timing reify:loadBundles Completed in 0ms
51 silly audit bulk request { 'types-registry': [ '0.1.703' ] }
52 timing reify:unpack Completed in 2ms
53 timing reify:unretire Completed in 49ms
54 timing build:queue Completed in 0ms
55 timing build:deps Completed in 0ms
56 timing build Completed in 0ms
57 timing reify:build Completed in 0ms
58 timing reify:trash Completed in 0ms
59 timing reify:save Completed in 9ms
60 http fetch POST 200 https://registry.npmjs.org/-/npm/v1/security/advisories/bulk 509ms
61 timing auditReport:getReport Completed in 511ms
62 silly audit report {}
63 timing auditReport:init Completed in 0ms
64 timing reify:audit Completed in 512ms
65 timing reify Completed in 585ms
66 timing command:install Completed in 592ms
67 verbose exit 0
68 timing npm Completed in 960ms
69 info ok
