2024-12-30 22:18:33.963 [info] Extension host with pid 45210 started
2024-12-30 22:18:34.053 [info] ExtensionService#_doActivateExtension vscode.git-base, startup: true, activationEvent: '*'
2024-12-30 22:18:34.055 [info] ExtensionService#_doActivateExtension naumovs.color-highlight, startup: true, activationEvent: '*'
2024-12-30 22:18:34.094 [info] Lock '/home/devviking/.vscode-server/data/User/workspaceStorage/0681e739b8d6ac7831ffce0caca2d8a9/vscode.lock': Lock acquired.
2024-12-30 22:18:34.302 [info] ExtensionService#_doActivateExtension vscode.github, startup: true, activationEvent: '*'
2024-12-30 22:18:34.439 [info] Eager extensions activated
2024-12-30 22:18:34.440 [info] ExtensionService#_doActivateExtension vscode.debug-auto-launch, startup: false, activationEvent: 'onStartupFinished'
2024-12-30 22:18:34.440 [info] ExtensionService#_doActivateExtension vscode.merge-conflict, startup: false, activationEvent: 'onStartupFinished'
2024-12-30 22:18:34.441 [info] ExtensionService#_doActivateExtension eamodio.gitlens, startup: false, activationEvent: 'onStartupFinished'
2024-12-30 22:18:34.441 [info] ExtensionService#_doActivateExtension esbenp.prettier-vscode, startup: false, activationEvent: 'onStartupFinished'
2024-12-30 22:18:34.933 [info] ExtensionService#_doActivateExtension ms-vsliveshare.vsliveshare, startup: false, activationEvent: 'api', root cause: eamodio.gitlens
2024-12-30 22:18:35.683 [info] ExtensionService#_doActivateExtension vscode.git, startup: false, activationEvent: 'api', root cause: vscode.github
2024-12-30 22:18:35.810 [info] ExtensionService#_doActivateExtension 2gua.rainbow-brackets, startup: false, activationEvent: '*'
2024-12-30 22:18:35.810 [info] ExtensionService#_doActivateExtension bradlc.vscode-tailwindcss, startup: false, activationEvent: 'onStartupFinished'
2024-12-30 22:18:35.811 [info] ExtensionService#_doActivateExtension dbaeumer.vscode-eslint, startup: false, activationEvent: 'onStartupFinished'
2024-12-30 22:18:35.811 [info] ExtensionService#_doActivateExtension kisstkondoros.vscode-gutter-preview, startup: false, activationEvent: '*'
2024-12-30 22:18:35.811 [info] ExtensionService#_doActivateExtension oderwat.indent-rainbow, startup: false, activationEvent: '*'
2024-12-30 22:18:35.811 [info] ExtensionService#_doActivateExtension ritwickdey.LiveServer, startup: false, activationEvent: 'onStartupFinished'
2024-12-30 22:18:35.811 [info] ExtensionService#_doActivateExtension WakaTime.vscode-wakatime, startup: false, activationEvent: '*'
2024-12-30 22:18:36.272 [info] ExtensionService#_doActivateExtension vscode.emmet, startup: false, activationEvent: 'onLanguage'
2024-12-31 08:08:01.348 [info] ExtensionService#_doActivateExtension vscode.html-language-features, startup: false, activationEvent: 'onLanguage:html'
2024-12-31 08:08:01.350 [info] ExtensionService#_doActivateExtension mohd-akram.vscode-html-format, startup: false, activationEvent: 'onLanguage:html'
2024-12-31 08:14:30.959 [error] Error: spawn google-chrome ENOENT
	at ChildProcess._handle.onexit (node:internal/child_process:286:19)
	at onErrorNT (node:internal/child_process:484:16)
	at process.processTicksAndRejections (node:internal/process/task_queues:82:21)
2024-12-31 08:14:47.108 [error] Error: spawn google-chrome ENOENT
	at ChildProcess._handle.onexit (node:internal/child_process:286:19)
	at onErrorNT (node:internal/child_process:484:16)
	at process.processTicksAndRejections (node:internal/process/task_queues:82:21)
2024-12-31 08:15:47.497 [error] Error: spawn google-chrome ENOENT
	at ChildProcess._handle.onexit (node:internal/child_process:286:19)
	at onErrorNT (node:internal/child_process:484:16)
	at process.processTicksAndRejections (node:internal/process/task_queues:82:21)
2024-12-31 08:16:13.985 [info] Extension host terminating: received terminate message from renderer
2024-12-31 08:16:13.986 [info] Lock '/home/devviking/.vscode-server/data/User/workspaceStorage/0681e739b8d6ac7831ffce0caca2d8a9/vscode.lock': Marking the lockfile as scheduled to be released in 6000 ms.
2024-12-31 08:16:14.132 [error] Canceled: Canceled
	at new tT (file:///home/devviking/.vscode-server/bin/f1a4fb101478ce6ec82fe9627c43efbf9e98c813/out/vs/workbench/api/node/extensionHostProcess.js:31:151066)
	at py.U (file:///home/devviking/.vscode-server/bin/f1a4fb101478ce6ec82fe9627c43efbf9e98c813/out/vs/workbench/api/node/extensionHostProcess.js:31:155676)
	at s.<computed>.n.charCodeAt.s.<computed> (file:///home/devviking/.vscode-server/bin/f1a4fb101478ce6ec82fe9627c43efbf9e98c813/out/vs/workbench/api/node/extensionHostProcess.js:31:153170)
	at Y0.g (file:///home/devviking/.vscode-server/bin/f1a4fb101478ce6ec82fe9627c43efbf9e98c813/out/vs/workbench/api/node/extensionHostProcess.js:114:32313)
	at Y0.executeCommand (file:///home/devviking/.vscode-server/bin/f1a4fb101478ce6ec82fe9627c43efbf9e98c813/out/vs/workbench/api/node/extensionHostProcess.js:114:31817)
	at r.registerCommand.description (file:///home/devviking/.vscode-server/bin/f1a4fb101478ce6ec82fe9627c43efbf9e98c813/out/vs/workbench/api/node/extensionHostProcess.js:114:31147)
	at Y0.h (file:///home/devviking/.vscode-server/bin/f1a4fb101478ce6ec82fe9627c43efbf9e98c813/out/vs/workbench/api/node/extensionHostProcess.js:114:32833)
	at Y0.g (file:///home/devviking/.vscode-server/bin/f1a4fb101478ce6ec82fe9627c43efbf9e98c813/out/vs/workbench/api/node/extensionHostProcess.js:114:31910)
	at Y0.executeCommand (file:///home/devviking/.vscode-server/bin/f1a4fb101478ce6ec82fe9627c43efbf9e98c813/out/vs/workbench/api/node/extensionHostProcess.js:114:31817)
	at Object.executeCommand (file:///home/devviking/.vscode-server/bin/f1a4fb101478ce6ec82fe9627c43efbf9e98c813/out/vs/workbench/api/node/extensionHostProcess.js:156:37246)
	at mh.O [as value] (/home/devviking/.vscode-server/bin/f1a4fb101478ce6ec82fe9627c43efbf9e98c813/extensions/git/dist/main.js:2:961845)
	at P.B (file:///home/devviking/.vscode-server/bin/f1a4fb101478ce6ec82fe9627c43efbf9e98c813/out/vs/workbench/api/node/extensionHostProcess.js:29:746)
	at P.C (file:///home/devviking/.vscode-server/bin/f1a4fb101478ce6ec82fe9627c43efbf9e98c813/out/vs/workbench/api/node/extensionHostProcess.js:29:816)
	at P.fire (file:///home/devviking/.vscode-server/bin/f1a4fb101478ce6ec82fe9627c43efbf9e98c813/out/vs/workbench/api/node/extensionHostProcess.js:29:1033)
	at Object.p [as dispose] (/home/devviking/.vscode-server/bin/f1a4fb101478ce6ec82fe9627c43efbf9e98c813/extensions/git/dist/main.js:2:983333)
	at /home/devviking/.vscode-server/bin/f1a4fb101478ce6ec82fe9627c43efbf9e98c813/extensions/git/dist/main.js:2:989455
	at Array.forEach (<anonymous>)
	at b.dispose (/home/devviking/.vscode-server/bin/f1a4fb101478ce6ec82fe9627c43efbf9e98c813/extensions/git/dist/main.js:2:989441)
	at V1.<anonymous> (file:///home/devviking/.vscode-server/bin/f1a4fb101478ce6ec82fe9627c43efbf9e98c813/out/vs/workbench/api/node/extensionHostProcess.js:108:19994)
	at V1.dispose (file:///home/devviking/.vscode-server/bin/f1a4fb101478ce6ec82fe9627c43efbf9e98c813/out/vs/workbench/api/node/extensionHostProcess.js:108:20090)
	at V1.<anonymous> (/home/devviking/.vscode-server/bin/f1a4fb101478ce6ec82fe9627c43efbf9e98c813/extensions/git/dist/main.js:2:964255)
	at V1.dispose (file:///home/devviking/.vscode-server/bin/f1a4fb101478ce6ec82fe9627c43efbf9e98c813/out/vs/workbench/api/node/extensionHostProcess.js:108:20090)
	at ci (file:///home/devviking/.vscode-server/bin/f1a4fb101478ce6ec82fe9627c43efbf9e98c813/out/vs/workbench/api/node/extensionHostProcess.js:24:699)
	at file:///home/devviking/.vscode-server/bin/f1a4fb101478ce6ec82fe9627c43efbf9e98c813/out/vs/workbench/api/node/extensionHostProcess.js:118:14992
	at file:///home/devviking/.vscode-server/bin/f1a4fb101478ce6ec82fe9627c43efbf9e98c813/out/vs/workbench/api/node/extensionHostProcess.js:24:1009
	at Object.dispose (file:///home/devviking/.vscode-server/bin/f1a4fb101478ce6ec82fe9627c43efbf9e98c813/out/vs/workbench/api/node/extensionHostProcess.js:7:2146)
	at _z.eb (file:///home/devviking/.vscode-server/bin/f1a4fb101478ce6ec82fe9627c43efbf9e98c813/out/vs/workbench/api/node/extensionHostProcess.js:118:11919)
	at file:///home/devviking/.vscode-server/bin/f1a4fb101478ce6ec82fe9627c43efbf9e98c813/out/vs/workbench/api/node/extensionHostProcess.js:118:9874
	at Array.map (<anonymous>)
	at _z.$ (file:///home/devviking/.vscode-server/bin/f1a4fb101478ce6ec82fe9627c43efbf9e98c813/out/vs/workbench/api/node/extensionHostProcess.js:118:9862)
	at _z.terminate (file:///home/devviking/.vscode-server/bin/f1a4fb101478ce6ec82fe9627c43efbf9e98c813/out/vs/workbench/api/node/extensionHostProcess.js:118:10105)
	at xC.terminate (file:///home/devviking/.vscode-server/bin/f1a4fb101478ce6ec82fe9627c43efbf9e98c813/out/vs/workbench/api/node/extensionHostProcess.js:119:1424)
	at Zi (file:///home/devviking/.vscode-server/bin/f1a4fb101478ce6ec82fe9627c43efbf9e98c813/out/vs/workbench/api/node/extensionHostProcess.js:174:15084)
	at mh.value (file:///home/devviking/.vscode-server/bin/f1a4fb101478ce6ec82fe9627c43efbf9e98c813/out/vs/workbench/api/node/extensionHostProcess.js:174:13245)
	at P.B (file:///home/devviking/.vscode-server/bin/f1a4fb101478ce6ec82fe9627c43efbf9e98c813/out/vs/workbench/api/node/extensionHostProcess.js:29:746)
	at P.fire (file:///home/devviking/.vscode-server/bin/f1a4fb101478ce6ec82fe9627c43efbf9e98c813/out/vs/workbench/api/node/extensionHostProcess.js:29:964)
	at Vn.fire (file:///home/devviking/.vscode-server/bin/f1a4fb101478ce6ec82fe9627c43efbf9e98c813/out/vs/workbench/api/node/extensionHostProcess.js:31:9457)
	at Fm.A (file:///home/devviking/.vscode-server/bin/f1a4fb101478ce6ec82fe9627c43efbf9e98c813/out/vs/workbench/api/node/extensionHostProcess.js:31:12573)
	at mh.value (file:///home/devviking/.vscode-server/bin/f1a4fb101478ce6ec82fe9627c43efbf9e98c813/out/vs/workbench/api/node/extensionHostProcess.js:31:11974)
	at P.B (file:///home/devviking/.vscode-server/bin/f1a4fb101478ce6ec82fe9627c43efbf9e98c813/out/vs/workbench/api/node/extensionHostProcess.js:29:746)
	at P.fire (file:///home/devviking/.vscode-server/bin/f1a4fb101478ce6ec82fe9627c43efbf9e98c813/out/vs/workbench/api/node/extensionHostProcess.js:29:964)
	at j5.acceptChunk (file:///home/devviking/.vscode-server/bin/f1a4fb101478ce6ec82fe9627c43efbf9e98c813/out/vs/workbench/api/node/extensionHostProcess.js:31:7940)
	at mh.value (file:///home/devviking/.vscode-server/bin/f1a4fb101478ce6ec82fe9627c43efbf9e98c813/out/vs/workbench/api/node/extensionHostProcess.js:31:7226)
	at P.B (file:///home/devviking/.vscode-server/bin/f1a4fb101478ce6ec82fe9627c43efbf9e98c813/out/vs/workbench/api/node/extensionHostProcess.js:29:746)
	at P.fire (file:///home/devviking/.vscode-server/bin/f1a4fb101478ce6ec82fe9627c43efbf9e98c813/out/vs/workbench/api/node/extensionHostProcess.js:29:964)
	at V2.z (file:///home/devviking/.vscode-server/bin/f1a4fb101478ce6ec82fe9627c43efbf9e98c813/out/vs/workbench/api/node/extensionHostProcess.js:31:21944)
	at V2.acceptFrame (file:///home/devviking/.vscode-server/bin/f1a4fb101478ce6ec82fe9627c43efbf9e98c813/out/vs/workbench/api/node/extensionHostProcess.js:31:21750)
	at W2.n (file:///home/devviking/.vscode-server/bin/f1a4fb101478ce6ec82fe9627c43efbf9e98c813/out/vs/workbench/api/node/extensionHostProcess.js:31:20278)
	at file:///home/devviking/.vscode-server/bin/f1a4fb101478ce6ec82fe9627c43efbf9e98c813/out/vs/workbench/api/node/extensionHostProcess.js:31:17510
	at Socket.t (file:///home/devviking/.vscode-server/bin/f1a4fb101478ce6ec82fe9627c43efbf9e98c813/out/vs/workbench/api/node/extensionHostProcess.js:31:15451)
	at Socket.emit (node:events:519:28)
	at addChunk (node:internal/streams/readable:559:12)
	at readableAddChunkPushByteMode (node:internal/streams/readable:510:3)
	at Readable.push (node:internal/streams/readable:390:5)
	at TCP.onStreamRead (node:internal/stream_base_commons:191:23) setContext undefined
2024-12-31 08:16:14.135 [error] Canceled: Canceled
	at new tT (file:///home/devviking/.vscode-server/bin/f1a4fb101478ce6ec82fe9627c43efbf9e98c813/out/vs/workbench/api/node/extensionHostProcess.js:31:151066)
	at py.U (file:///home/devviking/.vscode-server/bin/f1a4fb101478ce6ec82fe9627c43efbf9e98c813/out/vs/workbench/api/node/extensionHostProcess.js:31:155676)
	at s.<computed>.n.charCodeAt.s.<computed> (file:///home/devviking/.vscode-server/bin/f1a4fb101478ce6ec82fe9627c43efbf9e98c813/out/vs/workbench/api/node/extensionHostProcess.js:31:153170)
	at Y0.g (file:///home/devviking/.vscode-server/bin/f1a4fb101478ce6ec82fe9627c43efbf9e98c813/out/vs/workbench/api/node/extensionHostProcess.js:114:32313)
	at Y0.executeCommand (file:///home/devviking/.vscode-server/bin/f1a4fb101478ce6ec82fe9627c43efbf9e98c813/out/vs/workbench/api/node/extensionHostProcess.js:114:31817)
	at r.registerCommand.description (file:///home/devviking/.vscode-server/bin/f1a4fb101478ce6ec82fe9627c43efbf9e98c813/out/vs/workbench/api/node/extensionHostProcess.js:114:31147)
	at Y0.h (file:///home/devviking/.vscode-server/bin/f1a4fb101478ce6ec82fe9627c43efbf9e98c813/out/vs/workbench/api/node/extensionHostProcess.js:114:32833)
	at Y0.g (file:///home/devviking/.vscode-server/bin/f1a4fb101478ce6ec82fe9627c43efbf9e98c813/out/vs/workbench/api/node/extensionHostProcess.js:114:31910)
	at Y0.executeCommand (file:///home/devviking/.vscode-server/bin/f1a4fb101478ce6ec82fe9627c43efbf9e98c813/out/vs/workbench/api/node/extensionHostProcess.js:114:31817)
	at Object.executeCommand (file:///home/devviking/.vscode-server/bin/f1a4fb101478ce6ec82fe9627c43efbf9e98c813/out/vs/workbench/api/node/extensionHostProcess.js:156:37246)
	at set hasGitHubRepositories [as hasGitHubRepositories] (/home/devviking/.vscode-server/bin/f1a4fb101478ce6ec82fe9627c43efbf9e98c813/extensions/github/dist/extension.js:2:328633)
	at /home/devviking/.vscode-server/bin/f1a4fb101478ce6ec82fe9627c43efbf9e98c813/extensions/github/dist/extension.js:2:329592
	at mh.value (/home/devviking/.vscode-server/bin/f1a4fb101478ce6ec82fe9627c43efbf9e98c813/extensions/git/dist/main.js:2:1073936)
	at P.B (file:///home/devviking/.vscode-server/bin/f1a4fb101478ce6ec82fe9627c43efbf9e98c813/out/vs/workbench/api/node/extensionHostProcess.js:29:746)
	at P.C (file:///home/devviking/.vscode-server/bin/f1a4fb101478ce6ec82fe9627c43efbf9e98c813/out/vs/workbench/api/node/extensionHostProcess.js:29:816)
	at P.fire (file:///home/devviking/.vscode-server/bin/f1a4fb101478ce6ec82fe9627c43efbf9e98c813/out/vs/workbench/api/node/extensionHostProcess.js:29:1033)
	at Object.p [as dispose] (/home/devviking/.vscode-server/bin/f1a4fb101478ce6ec82fe9627c43efbf9e98c813/extensions/git/dist/main.js:2:983333)
	at /home/devviking/.vscode-server/bin/f1a4fb101478ce6ec82fe9627c43efbf9e98c813/extensions/git/dist/main.js:2:989455
	at Array.forEach (<anonymous>)
	at b.dispose (/home/devviking/.vscode-server/bin/f1a4fb101478ce6ec82fe9627c43efbf9e98c813/extensions/git/dist/main.js:2:989441)
	at V1.<anonymous> (file:///home/devviking/.vscode-server/bin/f1a4fb101478ce6ec82fe9627c43efbf9e98c813/out/vs/workbench/api/node/extensionHostProcess.js:108:19994)
	at V1.dispose (file:///home/devviking/.vscode-server/bin/f1a4fb101478ce6ec82fe9627c43efbf9e98c813/out/vs/workbench/api/node/extensionHostProcess.js:108:20090)
	at V1.<anonymous> (/home/devviking/.vscode-server/bin/f1a4fb101478ce6ec82fe9627c43efbf9e98c813/extensions/git/dist/main.js:2:964255)
	at V1.dispose (file:///home/devviking/.vscode-server/bin/f1a4fb101478ce6ec82fe9627c43efbf9e98c813/out/vs/workbench/api/node/extensionHostProcess.js:108:20090)
	at ci (file:///home/devviking/.vscode-server/bin/f1a4fb101478ce6ec82fe9627c43efbf9e98c813/out/vs/workbench/api/node/extensionHostProcess.js:24:699)
	at file:///home/devviking/.vscode-server/bin/f1a4fb101478ce6ec82fe9627c43efbf9e98c813/out/vs/workbench/api/node/extensionHostProcess.js:118:14992
	at file:///home/devviking/.vscode-server/bin/f1a4fb101478ce6ec82fe9627c43efbf9e98c813/out/vs/workbench/api/node/extensionHostProcess.js:24:1009
	at Object.dispose (file:///home/devviking/.vscode-server/bin/f1a4fb101478ce6ec82fe9627c43efbf9e98c813/out/vs/workbench/api/node/extensionHostProcess.js:7:2146)
	at _z.eb (file:///home/devviking/.vscode-server/bin/f1a4fb101478ce6ec82fe9627c43efbf9e98c813/out/vs/workbench/api/node/extensionHostProcess.js:118:11919)
	at file:///home/devviking/.vscode-server/bin/f1a4fb101478ce6ec82fe9627c43efbf9e98c813/out/vs/workbench/api/node/extensionHostProcess.js:118:9874
	at Array.map (<anonymous>)
	at _z.$ (file:///home/devviking/.vscode-server/bin/f1a4fb101478ce6ec82fe9627c43efbf9e98c813/out/vs/workbench/api/node/extensionHostProcess.js:118:9862)
	at _z.terminate (file:///home/devviking/.vscode-server/bin/f1a4fb101478ce6ec82fe9627c43efbf9e98c813/out/vs/workbench/api/node/extensionHostProcess.js:118:10105)
	at xC.terminate (file:///home/devviking/.vscode-server/bin/f1a4fb101478ce6ec82fe9627c43efbf9e98c813/out/vs/workbench/api/node/extensionHostProcess.js:119:1424)
	at Zi (file:///home/devviking/.vscode-server/bin/f1a4fb101478ce6ec82fe9627c43efbf9e98c813/out/vs/workbench/api/node/extensionHostProcess.js:174:15084)
	at mh.value (file:///home/devviking/.vscode-server/bin/f1a4fb101478ce6ec82fe9627c43efbf9e98c813/out/vs/workbench/api/node/extensionHostProcess.js:174:13245)
	at P.B (file:///home/devviking/.vscode-server/bin/f1a4fb101478ce6ec82fe9627c43efbf9e98c813/out/vs/workbench/api/node/extensionHostProcess.js:29:746)
	at P.fire (file:///home/devviking/.vscode-server/bin/f1a4fb101478ce6ec82fe9627c43efbf9e98c813/out/vs/workbench/api/node/extensionHostProcess.js:29:964)
	at Vn.fire (file:///home/devviking/.vscode-server/bin/f1a4fb101478ce6ec82fe9627c43efbf9e98c813/out/vs/workbench/api/node/extensionHostProcess.js:31:9457)
	at Fm.A (file:///home/devviking/.vscode-server/bin/f1a4fb101478ce6ec82fe9627c43efbf9e98c813/out/vs/workbench/api/node/extensionHostProcess.js:31:12573)
	at mh.value (file:///home/devviking/.vscode-server/bin/f1a4fb101478ce6ec82fe9627c43efbf9e98c813/out/vs/workbench/api/node/extensionHostProcess.js:31:11974)
	at P.B (file:///home/devviking/.vscode-server/bin/f1a4fb101478ce6ec82fe9627c43efbf9e98c813/out/vs/workbench/api/node/extensionHostProcess.js:29:746)
	at P.fire (file:///home/devviking/.vscode-server/bin/f1a4fb101478ce6ec82fe9627c43efbf9e98c813/out/vs/workbench/api/node/extensionHostProcess.js:29:964)
	at j5.acceptChunk (file:///home/devviking/.vscode-server/bin/f1a4fb101478ce6ec82fe9627c43efbf9e98c813/out/vs/workbench/api/node/extensionHostProcess.js:31:7940)
	at mh.value (file:///home/devviking/.vscode-server/bin/f1a4fb101478ce6ec82fe9627c43efbf9e98c813/out/vs/workbench/api/node/extensionHostProcess.js:31:7226)
	at P.B (file:///home/devviking/.vscode-server/bin/f1a4fb101478ce6ec82fe9627c43efbf9e98c813/out/vs/workbench/api/node/extensionHostProcess.js:29:746)
	at P.fire (file:///home/devviking/.vscode-server/bin/f1a4fb101478ce6ec82fe9627c43efbf9e98c813/out/vs/workbench/api/node/extensionHostProcess.js:29:964)
	at V2.z (file:///home/devviking/.vscode-server/bin/f1a4fb101478ce6ec82fe9627c43efbf9e98c813/out/vs/workbench/api/node/extensionHostProcess.js:31:21944)
	at V2.acceptFrame (file:///home/devviking/.vscode-server/bin/f1a4fb101478ce6ec82fe9627c43efbf9e98c813/out/vs/workbench/api/node/extensionHostProcess.js:31:21750)
	at W2.n (file:///home/devviking/.vscode-server/bin/f1a4fb101478ce6ec82fe9627c43efbf9e98c813/out/vs/workbench/api/node/extensionHostProcess.js:31:20278)
	at file:///home/devviking/.vscode-server/bin/f1a4fb101478ce6ec82fe9627c43efbf9e98c813/out/vs/workbench/api/node/extensionHostProcess.js:31:17510
	at Socket.t (file:///home/devviking/.vscode-server/bin/f1a4fb101478ce6ec82fe9627c43efbf9e98c813/out/vs/workbench/api/node/extensionHostProcess.js:31:15451)
	at Socket.emit (node:events:519:28)
	at addChunk (node:internal/streams/readable:559:12)
	at readableAddChunkPushByteMode (node:internal/streams/readable:510:3)
	at Readable.push (node:internal/streams/readable:390:5)
	at TCP.onStreamRead (node:internal/stream_base_commons:191:23) setContext undefined
2024-12-31 08:16:14.135 [error] Canceled: Canceled
	at new tT (file:///home/devviking/.vscode-server/bin/f1a4fb101478ce6ec82fe9627c43efbf9e98c813/out/vs/workbench/api/node/extensionHostProcess.js:31:151066)
	at py.U (file:///home/devviking/.vscode-server/bin/f1a4fb101478ce6ec82fe9627c43efbf9e98c813/out/vs/workbench/api/node/extensionHostProcess.js:31:155676)
	at s.<computed>.n.charCodeAt.s.<computed> (file:///home/devviking/.vscode-server/bin/f1a4fb101478ce6ec82fe9627c43efbf9e98c813/out/vs/workbench/api/node/extensionHostProcess.js:31:153170)
	at Y0.g (file:///home/devviking/.vscode-server/bin/f1a4fb101478ce6ec82fe9627c43efbf9e98c813/out/vs/workbench/api/node/extensionHostProcess.js:114:32313)
	at Y0.executeCommand (file:///home/devviking/.vscode-server/bin/f1a4fb101478ce6ec82fe9627c43efbf9e98c813/out/vs/workbench/api/node/extensionHostProcess.js:114:31817)
	at r.registerCommand.description (file:///home/devviking/.vscode-server/bin/f1a4fb101478ce6ec82fe9627c43efbf9e98c813/out/vs/workbench/api/node/extensionHostProcess.js:114:31147)
	at Y0.h (file:///home/devviking/.vscode-server/bin/f1a4fb101478ce6ec82fe9627c43efbf9e98c813/out/vs/workbench/api/node/extensionHostProcess.js:114:32833)
	at Y0.g (file:///home/devviking/.vscode-server/bin/f1a4fb101478ce6ec82fe9627c43efbf9e98c813/out/vs/workbench/api/node/extensionHostProcess.js:114:31910)
	at Y0.executeCommand (file:///home/devviking/.vscode-server/bin/f1a4fb101478ce6ec82fe9627c43efbf9e98c813/out/vs/workbench/api/node/extensionHostProcess.js:114:31817)
	at Object.executeCommand (file:///home/devviking/.vscode-server/bin/f1a4fb101478ce6ec82fe9627c43efbf9e98c813/out/vs/workbench/api/node/extensionHostProcess.js:156:37246)
	at w (/home/devviking/.vscode-server/extensions/eamodio.gitlens-14.7.0/dist/gitlens.js:1077:40655)
	at h (/home/devviking/.vscode-server/extensions/eamodio.gitlens-14.7.0/dist/gitlens.js:1077:45702)
	at ActionRunners._updateContextKeys (/home/devviking/.vscode-server/extensions/eamodio.gitlens-14.7.0/dist/gitlens.js:663:17573)
	at s (/home/devviking/.vscode-server/extensions/eamodio.gitlens-14.7.0/dist/gitlens.js:663:16017)
	at RegisteredActionRunner.unregister (/home/devviking/.vscode-server/extensions/eamodio.gitlens-14.7.0/dist/gitlens.js:663:16160)
	at RegisteredActionRunner.dispose (/home/devviking/.vscode-server/extensions/eamodio.gitlens-14.7.0/dist/gitlens.js:663:14813)
	at ActionRunners.dispose (/home/devviking/.vscode-server/extensions/eamodio.gitlens-14.7.0/dist/gitlens.js:663:15600)
	at /home/devviking/.vscode-server/extensions/eamodio.gitlens-14.7.0/dist/gitlens.js:1037:19287
	at Array.forEach (<anonymous>)
	at Object.dispose (/home/devviking/.vscode-server/extensions/eamodio.gitlens-14.7.0/dist/gitlens.js:1037:19269)
	at ci (file:///home/devviking/.vscode-server/bin/f1a4fb101478ce6ec82fe9627c43efbf9e98c813/out/vs/workbench/api/node/extensionHostProcess.js:24:699)
	at file:///home/devviking/.vscode-server/bin/f1a4fb101478ce6ec82fe9627c43efbf9e98c813/out/vs/workbench/api/node/extensionHostProcess.js:118:14992
	at file:///home/devviking/.vscode-server/bin/f1a4fb101478ce6ec82fe9627c43efbf9e98c813/out/vs/workbench/api/node/extensionHostProcess.js:24:1009
	at Object.dispose (file:///home/devviking/.vscode-server/bin/f1a4fb101478ce6ec82fe9627c43efbf9e98c813/out/vs/workbench/api/node/extensionHostProcess.js:7:2146)
	at _z.eb (file:///home/devviking/.vscode-server/bin/f1a4fb101478ce6ec82fe9627c43efbf9e98c813/out/vs/workbench/api/node/extensionHostProcess.js:118:11919)
	at file:///home/devviking/.vscode-server/bin/f1a4fb101478ce6ec82fe9627c43efbf9e98c813/out/vs/workbench/api/node/extensionHostProcess.js:118:9874
	at Array.map (<anonymous>)
	at _z.$ (file:///home/devviking/.vscode-server/bin/f1a4fb101478ce6ec82fe9627c43efbf9e98c813/out/vs/workbench/api/node/extensionHostProcess.js:118:9862)
	at _z.terminate (file:///home/devviking/.vscode-server/bin/f1a4fb101478ce6ec82fe9627c43efbf9e98c813/out/vs/workbench/api/node/extensionHostProcess.js:118:10105)
	at xC.terminate (file:///home/devviking/.vscode-server/bin/f1a4fb101478ce6ec82fe9627c43efbf9e98c813/out/vs/workbench/api/node/extensionHostProcess.js:119:1424)
	at Zi (file:///home/devviking/.vscode-server/bin/f1a4fb101478ce6ec82fe9627c43efbf9e98c813/out/vs/workbench/api/node/extensionHostProcess.js:174:15084)
	at mh.value (file:///home/devviking/.vscode-server/bin/f1a4fb101478ce6ec82fe9627c43efbf9e98c813/out/vs/workbench/api/node/extensionHostProcess.js:174:13245)
	at P.B (file:///home/devviking/.vscode-server/bin/f1a4fb101478ce6ec82fe9627c43efbf9e98c813/out/vs/workbench/api/node/extensionHostProcess.js:29:746)
	at P.fire (file:///home/devviking/.vscode-server/bin/f1a4fb101478ce6ec82fe9627c43efbf9e98c813/out/vs/workbench/api/node/extensionHostProcess.js:29:964)
	at Vn.fire (file:///home/devviking/.vscode-server/bin/f1a4fb101478ce6ec82fe9627c43efbf9e98c813/out/vs/workbench/api/node/extensionHostProcess.js:31:9457)
	at Fm.A (file:///home/devviking/.vscode-server/bin/f1a4fb101478ce6ec82fe9627c43efbf9e98c813/out/vs/workbench/api/node/extensionHostProcess.js:31:12573)
	at mh.value (file:///home/devviking/.vscode-server/bin/f1a4fb101478ce6ec82fe9627c43efbf9e98c813/out/vs/workbench/api/node/extensionHostProcess.js:31:11974)
	at P.B (file:///home/devviking/.vscode-server/bin/f1a4fb101478ce6ec82fe9627c43efbf9e98c813/out/vs/workbench/api/node/extensionHostProcess.js:29:746)
	at P.fire (file:///home/devviking/.vscode-server/bin/f1a4fb101478ce6ec82fe9627c43efbf9e98c813/out/vs/workbench/api/node/extensionHostProcess.js:29:964)
	at j5.acceptChunk (file:///home/devviking/.vscode-server/bin/f1a4fb101478ce6ec82fe9627c43efbf9e98c813/out/vs/workbench/api/node/extensionHostProcess.js:31:7940)
	at mh.value (file:///home/devviking/.vscode-server/bin/f1a4fb101478ce6ec82fe9627c43efbf9e98c813/out/vs/workbench/api/node/extensionHostProcess.js:31:7226)
	at P.B (file:///home/devviking/.vscode-server/bin/f1a4fb101478ce6ec82fe9627c43efbf9e98c813/out/vs/workbench/api/node/extensionHostProcess.js:29:746)
	at P.fire (file:///home/devviking/.vscode-server/bin/f1a4fb101478ce6ec82fe9627c43efbf9e98c813/out/vs/workbench/api/node/extensionHostProcess.js:29:964)
	at V2.z (file:///home/devviking/.vscode-server/bin/f1a4fb101478ce6ec82fe9627c43efbf9e98c813/out/vs/workbench/api/node/extensionHostProcess.js:31:21944)
	at V2.acceptFrame (file:///home/devviking/.vscode-server/bin/f1a4fb101478ce6ec82fe9627c43efbf9e98c813/out/vs/workbench/api/node/extensionHostProcess.js:31:21750)
	at W2.n (file:///home/devviking/.vscode-server/bin/f1a4fb101478ce6ec82fe9627c43efbf9e98c813/out/vs/workbench/api/node/extensionHostProcess.js:31:20278)
	at file:///home/devviking/.vscode-server/bin/f1a4fb101478ce6ec82fe9627c43efbf9e98c813/out/vs/workbench/api/node/extensionHostProcess.js:31:17510
	at Socket.t (file:///home/devviking/.vscode-server/bin/f1a4fb101478ce6ec82fe9627c43efbf9e98c813/out/vs/workbench/api/node/extensionHostProcess.js:31:15451)
	at Socket.emit (node:events:519:28)
	at addChunk (node:internal/streams/readable:559:12)
	at readableAddChunkPushByteMode (node:internal/streams/readable:510:3)
	at Readable.push (node:internal/streams/readable:390:5)
	at TCP.onStreamRead (node:internal/stream_base_commons:191:23) setContext undefined
2024-12-31 08:16:14.136 [error] Canceled: Canceled
	at new tT (file:///home/devviking/.vscode-server/bin/f1a4fb101478ce6ec82fe9627c43efbf9e98c813/out/vs/workbench/api/node/extensionHostProcess.js:31:151066)
	at py.U (file:///home/devviking/.vscode-server/bin/f1a4fb101478ce6ec82fe9627c43efbf9e98c813/out/vs/workbench/api/node/extensionHostProcess.js:31:155676)
	at s.<computed>.n.charCodeAt.s.<computed> (file:///home/devviking/.vscode-server/bin/f1a4fb101478ce6ec82fe9627c43efbf9e98c813/out/vs/workbench/api/node/extensionHostProcess.js:31:153170)
	at Y0.g (file:///home/devviking/.vscode-server/bin/f1a4fb101478ce6ec82fe9627c43efbf9e98c813/out/vs/workbench/api/node/extensionHostProcess.js:114:32313)
	at Y0.executeCommand (file:///home/devviking/.vscode-server/bin/f1a4fb101478ce6ec82fe9627c43efbf9e98c813/out/vs/workbench/api/node/extensionHostProcess.js:114:31817)
	at r.registerCommand.description (file:///home/devviking/.vscode-server/bin/f1a4fb101478ce6ec82fe9627c43efbf9e98c813/out/vs/workbench/api/node/extensionHostProcess.js:114:31147)
	at Y0.h (file:///home/devviking/.vscode-server/bin/f1a4fb101478ce6ec82fe9627c43efbf9e98c813/out/vs/workbench/api/node/extensionHostProcess.js:114:32833)
	at Y0.g (file:///home/devviking/.vscode-server/bin/f1a4fb101478ce6ec82fe9627c43efbf9e98c813/out/vs/workbench/api/node/extensionHostProcess.js:114:31910)
	at Y0.executeCommand (file:///home/devviking/.vscode-server/bin/f1a4fb101478ce6ec82fe9627c43efbf9e98c813/out/vs/workbench/api/node/extensionHostProcess.js:114:31817)
	at Object.executeCommand (file:///home/devviking/.vscode-server/bin/f1a4fb101478ce6ec82fe9627c43efbf9e98c813/out/vs/workbench/api/node/extensionHostProcess.js:156:37246)
	at w (/home/devviking/.vscode-server/extensions/eamodio.gitlens-14.7.0/dist/gitlens.js:1077:40655)
	at h (/home/devviking/.vscode-server/extensions/eamodio.gitlens-14.7.0/dist/gitlens.js:1077:45702)
	at ActionRunners._updateContextKeys (/home/devviking/.vscode-server/extensions/eamodio.gitlens-14.7.0/dist/gitlens.js:663:17573)
	at s (/home/devviking/.vscode-server/extensions/eamodio.gitlens-14.7.0/dist/gitlens.js:663:16017)
	at RegisteredActionRunner.unregister (/home/devviking/.vscode-server/extensions/eamodio.gitlens-14.7.0/dist/gitlens.js:663:16160)
	at RegisteredActionRunner.dispose (/home/devviking/.vscode-server/extensions/eamodio.gitlens-14.7.0/dist/gitlens.js:663:14813)
	at ActionRunners.dispose (/home/devviking/.vscode-server/extensions/eamodio.gitlens-14.7.0/dist/gitlens.js:663:15600)
	at /home/devviking/.vscode-server/extensions/eamodio.gitlens-14.7.0/dist/gitlens.js:1037:19287
	at Array.forEach (<anonymous>)
	at Object.dispose (/home/devviking/.vscode-server/extensions/eamodio.gitlens-14.7.0/dist/gitlens.js:1037:19269)
	at ci (file:///home/devviking/.vscode-server/bin/f1a4fb101478ce6ec82fe9627c43efbf9e98c813/out/vs/workbench/api/node/extensionHostProcess.js:24:699)
	at file:///home/devviking/.vscode-server/bin/f1a4fb101478ce6ec82fe9627c43efbf9e98c813/out/vs/workbench/api/node/extensionHostProcess.js:118:14992
	at file:///home/devviking/.vscode-server/bin/f1a4fb101478ce6ec82fe9627c43efbf9e98c813/out/vs/workbench/api/node/extensionHostProcess.js:24:1009
	at Object.dispose (file:///home/devviking/.vscode-server/bin/f1a4fb101478ce6ec82fe9627c43efbf9e98c813/out/vs/workbench/api/node/extensionHostProcess.js:7:2146)
	at _z.eb (file:///home/devviking/.vscode-server/bin/f1a4fb101478ce6ec82fe9627c43efbf9e98c813/out/vs/workbench/api/node/extensionHostProcess.js:118:11919)
	at file:///home/devviking/.vscode-server/bin/f1a4fb101478ce6ec82fe9627c43efbf9e98c813/out/vs/workbench/api/node/extensionHostProcess.js:118:9874
	at Array.map (<anonymous>)
	at _z.$ (file:///home/devviking/.vscode-server/bin/f1a4fb101478ce6ec82fe9627c43efbf9e98c813/out/vs/workbench/api/node/extensionHostProcess.js:118:9862)
	at _z.terminate (file:///home/devviking/.vscode-server/bin/f1a4fb101478ce6ec82fe9627c43efbf9e98c813/out/vs/workbench/api/node/extensionHostProcess.js:118:10105)
	at xC.terminate (file:///home/devviking/.vscode-server/bin/f1a4fb101478ce6ec82fe9627c43efbf9e98c813/out/vs/workbench/api/node/extensionHostProcess.js:119:1424)
	at Zi (file:///home/devviking/.vscode-server/bin/f1a4fb101478ce6ec82fe9627c43efbf9e98c813/out/vs/workbench/api/node/extensionHostProcess.js:174:15084)
	at mh.value (file:///home/devviking/.vscode-server/bin/f1a4fb101478ce6ec82fe9627c43efbf9e98c813/out/vs/workbench/api/node/extensionHostProcess.js:174:13245)
	at P.B (file:///home/devviking/.vscode-server/bin/f1a4fb101478ce6ec82fe9627c43efbf9e98c813/out/vs/workbench/api/node/extensionHostProcess.js:29:746)
	at P.fire (file:///home/devviking/.vscode-server/bin/f1a4fb101478ce6ec82fe9627c43efbf9e98c813/out/vs/workbench/api/node/extensionHostProcess.js:29:964)
	at Vn.fire (file:///home/devviking/.vscode-server/bin/f1a4fb101478ce6ec82fe9627c43efbf9e98c813/out/vs/workbench/api/node/extensionHostProcess.js:31:9457)
	at Fm.A (file:///home/devviking/.vscode-server/bin/f1a4fb101478ce6ec82fe9627c43efbf9e98c813/out/vs/workbench/api/node/extensionHostProcess.js:31:12573)
	at mh.value (file:///home/devviking/.vscode-server/bin/f1a4fb101478ce6ec82fe9627c43efbf9e98c813/out/vs/workbench/api/node/extensionHostProcess.js:31:11974)
	at P.B (file:///home/devviking/.vscode-server/bin/f1a4fb101478ce6ec82fe9627c43efbf9e98c813/out/vs/workbench/api/node/extensionHostProcess.js:29:746)
	at P.fire (file:///home/devviking/.vscode-server/bin/f1a4fb101478ce6ec82fe9627c43efbf9e98c813/out/vs/workbench/api/node/extensionHostProcess.js:29:964)
	at j5.acceptChunk (file:///home/devviking/.vscode-server/bin/f1a4fb101478ce6ec82fe9627c43efbf9e98c813/out/vs/workbench/api/node/extensionHostProcess.js:31:7940)
	at mh.value (file:///home/devviking/.vscode-server/bin/f1a4fb101478ce6ec82fe9627c43efbf9e98c813/out/vs/workbench/api/node/extensionHostProcess.js:31:7226)
	at P.B (file:///home/devviking/.vscode-server/bin/f1a4fb101478ce6ec82fe9627c43efbf9e98c813/out/vs/workbench/api/node/extensionHostProcess.js:29:746)
	at P.fire (file:///home/devviking/.vscode-server/bin/f1a4fb101478ce6ec82fe9627c43efbf9e98c813/out/vs/workbench/api/node/extensionHostProcess.js:29:964)
	at V2.z (file:///home/devviking/.vscode-server/bin/f1a4fb101478ce6ec82fe9627c43efbf9e98c813/out/vs/workbench/api/node/extensionHostProcess.js:31:21944)
	at V2.acceptFrame (file:///home/devviking/.vscode-server/bin/f1a4fb101478ce6ec82fe9627c43efbf9e98c813/out/vs/workbench/api/node/extensionHostProcess.js:31:21750)
	at W2.n (file:///home/devviking/.vscode-server/bin/f1a4fb101478ce6ec82fe9627c43efbf9e98c813/out/vs/workbench/api/node/extensionHostProcess.js:31:20278)
	at file:///home/devviking/.vscode-server/bin/f1a4fb101478ce6ec82fe9627c43efbf9e98c813/out/vs/workbench/api/node/extensionHostProcess.js:31:17510
	at Socket.t (file:///home/devviking/.vscode-server/bin/f1a4fb101478ce6ec82fe9627c43efbf9e98c813/out/vs/workbench/api/node/extensionHostProcess.js:31:15451)
	at Socket.emit (node:events:519:28)
	at addChunk (node:internal/streams/readable:559:12)
	at readableAddChunkPushByteMode (node:internal/streams/readable:510:3)
	at Readable.push (node:internal/streams/readable:390:5)
	at TCP.onStreamRead (node:internal/stream_base_commons:191:23) setContext undefined
2024-12-31 08:16:14.136 [error] Canceled: Canceled
	at new tT (file:///home/devviking/.vscode-server/bin/f1a4fb101478ce6ec82fe9627c43efbf9e98c813/out/vs/workbench/api/node/extensionHostProcess.js:31:151066)
	at py.U (file:///home/devviking/.vscode-server/bin/f1a4fb101478ce6ec82fe9627c43efbf9e98c813/out/vs/workbench/api/node/extensionHostProcess.js:31:155676)
	at s.<computed>.n.charCodeAt.s.<computed> (file:///home/devviking/.vscode-server/bin/f1a4fb101478ce6ec82fe9627c43efbf9e98c813/out/vs/workbench/api/node/extensionHostProcess.js:31:153170)
	at Y0.g (file:///home/devviking/.vscode-server/bin/f1a4fb101478ce6ec82fe9627c43efbf9e98c813/out/vs/workbench/api/node/extensionHostProcess.js:114:32313)
	at Y0.executeCommand (file:///home/devviking/.vscode-server/bin/f1a4fb101478ce6ec82fe9627c43efbf9e98c813/out/vs/workbench/api/node/extensionHostProcess.js:114:31817)
	at r.registerCommand.description (file:///home/devviking/.vscode-server/bin/f1a4fb101478ce6ec82fe9627c43efbf9e98c813/out/vs/workbench/api/node/extensionHostProcess.js:114:31147)
	at Y0.h (file:///home/devviking/.vscode-server/bin/f1a4fb101478ce6ec82fe9627c43efbf9e98c813/out/vs/workbench/api/node/extensionHostProcess.js:114:32833)
	at Y0.g (file:///home/devviking/.vscode-server/bin/f1a4fb101478ce6ec82fe9627c43efbf9e98c813/out/vs/workbench/api/node/extensionHostProcess.js:114:31910)
	at Y0.executeCommand (file:///home/devviking/.vscode-server/bin/f1a4fb101478ce6ec82fe9627c43efbf9e98c813/out/vs/workbench/api/node/extensionHostProcess.js:114:31817)
	at Object.executeCommand (file:///home/devviking/.vscode-server/bin/f1a4fb101478ce6ec82fe9627c43efbf9e98c813/out/vs/workbench/api/node/extensionHostProcess.js:156:37246)
	at w (/home/devviking/.vscode-server/extensions/eamodio.gitlens-14.7.0/dist/gitlens.js:1077:40655)
	at h (/home/devviking/.vscode-server/extensions/eamodio.gitlens-14.7.0/dist/gitlens.js:1077:45702)
	at ActionRunners._updateContextKeys (/home/devviking/.vscode-server/extensions/eamodio.gitlens-14.7.0/dist/gitlens.js:663:17573)
	at s (/home/devviking/.vscode-server/extensions/eamodio.gitlens-14.7.0/dist/gitlens.js:663:16017)
	at RegisteredActionRunner.unregister (/home/devviking/.vscode-server/extensions/eamodio.gitlens-14.7.0/dist/gitlens.js:663:16160)
	at RegisteredActionRunner.dispose (/home/devviking/.vscode-server/extensions/eamodio.gitlens-14.7.0/dist/gitlens.js:663:14813)
	at ActionRunners.dispose (/home/devviking/.vscode-server/extensions/eamodio.gitlens-14.7.0/dist/gitlens.js:663:15600)
	at /home/devviking/.vscode-server/extensions/eamodio.gitlens-14.7.0/dist/gitlens.js:1037:19287
	at Array.forEach (<anonymous>)
	at Object.dispose (/home/devviking/.vscode-server/extensions/eamodio.gitlens-14.7.0/dist/gitlens.js:1037:19269)
	at ci (file:///home/devviking/.vscode-server/bin/f1a4fb101478ce6ec82fe9627c43efbf9e98c813/out/vs/workbench/api/node/extensionHostProcess.js:24:699)
	at file:///home/devviking/.vscode-server/bin/f1a4fb101478ce6ec82fe9627c43efbf9e98c813/out/vs/workbench/api/node/extensionHostProcess.js:118:14992
	at file:///home/devviking/.vscode-server/bin/f1a4fb101478ce6ec82fe9627c43efbf9e98c813/out/vs/workbench/api/node/extensionHostProcess.js:24:1009
	at Object.dispose (file:///home/devviking/.vscode-server/bin/f1a4fb101478ce6ec82fe9627c43efbf9e98c813/out/vs/workbench/api/node/extensionHostProcess.js:7:2146)
	at _z.eb (file:///home/devviking/.vscode-server/bin/f1a4fb101478ce6ec82fe9627c43efbf9e98c813/out/vs/workbench/api/node/extensionHostProcess.js:118:11919)
	at file:///home/devviking/.vscode-server/bin/f1a4fb101478ce6ec82fe9627c43efbf9e98c813/out/vs/workbench/api/node/extensionHostProcess.js:118:9874
	at Array.map (<anonymous>)
	at _z.$ (file:///home/devviking/.vscode-server/bin/f1a4fb101478ce6ec82fe9627c43efbf9e98c813/out/vs/workbench/api/node/extensionHostProcess.js:118:9862)
	at _z.terminate (file:///home/devviking/.vscode-server/bin/f1a4fb101478ce6ec82fe9627c43efbf9e98c813/out/vs/workbench/api/node/extensionHostProcess.js:118:10105)
	at xC.terminate (file:///home/devviking/.vscode-server/bin/f1a4fb101478ce6ec82fe9627c43efbf9e98c813/out/vs/workbench/api/node/extensionHostProcess.js:119:1424)
	at Zi (file:///home/devviking/.vscode-server/bin/f1a4fb101478ce6ec82fe9627c43efbf9e98c813/out/vs/workbench/api/node/extensionHostProcess.js:174:15084)
	at mh.value (file:///home/devviking/.vscode-server/bin/f1a4fb101478ce6ec82fe9627c43efbf9e98c813/out/vs/workbench/api/node/extensionHostProcess.js:174:13245)
	at P.B (file:///home/devviking/.vscode-server/bin/f1a4fb101478ce6ec82fe9627c43efbf9e98c813/out/vs/workbench/api/node/extensionHostProcess.js:29:746)
	at P.fire (file:///home/devviking/.vscode-server/bin/f1a4fb101478ce6ec82fe9627c43efbf9e98c813/out/vs/workbench/api/node/extensionHostProcess.js:29:964)
	at Vn.fire (file:///home/devviking/.vscode-server/bin/f1a4fb101478ce6ec82fe9627c43efbf9e98c813/out/vs/workbench/api/node/extensionHostProcess.js:31:9457)
	at Fm.A (file:///home/devviking/.vscode-server/bin/f1a4fb101478ce6ec82fe9627c43efbf9e98c813/out/vs/workbench/api/node/extensionHostProcess.js:31:12573)
	at mh.value (file:///home/devviking/.vscode-server/bin/f1a4fb101478ce6ec82fe9627c43efbf9e98c813/out/vs/workbench/api/node/extensionHostProcess.js:31:11974)
	at P.B (file:///home/devviking/.vscode-server/bin/f1a4fb101478ce6ec82fe9627c43efbf9e98c813/out/vs/workbench/api/node/extensionHostProcess.js:29:746)
	at P.fire (file:///home/devviking/.vscode-server/bin/f1a4fb101478ce6ec82fe9627c43efbf9e98c813/out/vs/workbench/api/node/extensionHostProcess.js:29:964)
	at j5.acceptChunk (file:///home/devviking/.vscode-server/bin/f1a4fb101478ce6ec82fe9627c43efbf9e98c813/out/vs/workbench/api/node/extensionHostProcess.js:31:7940)
	at mh.value (file:///home/devviking/.vscode-server/bin/f1a4fb101478ce6ec82fe9627c43efbf9e98c813/out/vs/workbench/api/node/extensionHostProcess.js:31:7226)
	at P.B (file:///home/devviking/.vscode-server/bin/f1a4fb101478ce6ec82fe9627c43efbf9e98c813/out/vs/workbench/api/node/extensionHostProcess.js:29:746)
	at P.fire (file:///home/devviking/.vscode-server/bin/f1a4fb101478ce6ec82fe9627c43efbf9e98c813/out/vs/workbench/api/node/extensionHostProcess.js:29:964)
	at V2.z (file:///home/devviking/.vscode-server/bin/f1a4fb101478ce6ec82fe9627c43efbf9e98c813/out/vs/workbench/api/node/extensionHostProcess.js:31:21944)
	at V2.acceptFrame (file:///home/devviking/.vscode-server/bin/f1a4fb101478ce6ec82fe9627c43efbf9e98c813/out/vs/workbench/api/node/extensionHostProcess.js:31:21750)
	at W2.n (file:///home/devviking/.vscode-server/bin/f1a4fb101478ce6ec82fe9627c43efbf9e98c813/out/vs/workbench/api/node/extensionHostProcess.js:31:20278)
	at file:///home/devviking/.vscode-server/bin/f1a4fb101478ce6ec82fe9627c43efbf9e98c813/out/vs/workbench/api/node/extensionHostProcess.js:31:17510
	at Socket.t (file:///home/devviking/.vscode-server/bin/f1a4fb101478ce6ec82fe9627c43efbf9e98c813/out/vs/workbench/api/node/extensionHostProcess.js:31:15451)
	at Socket.emit (node:events:519:28)
	at addChunk (node:internal/streams/readable:559:12)
	at readableAddChunkPushByteMode (node:internal/streams/readable:510:3)
	at Readable.push (node:internal/streams/readable:390:5)
	at TCP.onStreamRead (node:internal/stream_base_commons:191:23) setContext undefined
2024-12-31 08:16:14.204 [info] Extension host with pid 45210 exiting with code 0
