2025-01-12 21:12:26.658 [info] [main] Log level: Info
2025-01-12 21:12:26.658 [info] [main] Validating found git in: "git"
2025-01-12 21:12:26.658 [info] [main] Using git "2.34.1" from "git"
2025-01-12 21:12:26.658 [info] [Model][doInitialScan] Initial repository scan started
2025-01-12 21:12:26.659 [info] > git rev-parse --show-toplevel [29ms]
2025-01-12 21:12:26.659 [info] > git rev-parse --git-dir --git-common-dir [33ms]
2025-01-12 21:12:26.659 [info] [Model][openRepository] Opened repository: /home/devviking/Dev-2025/app-previsao-tempo
2025-01-12 21:12:26.659 [info] > git rev-parse --show-toplevel [24ms]
2025-01-12 21:12:26.659 [info] > git config --get commit.template [35ms]
2025-01-12 21:12:26.659 [info] > git rev-parse --show-toplevel [42ms]
2025-01-12 21:12:26.659 [info] [Model][doInitialScan] Initial repository scan completed - repositories (1), closed repositories (0), parent repositories (0), unsafe repositories (0)
2025-01-12 21:12:26.659 [info] > git for-each-ref --format=%(refname)%00%(upstream:short)%00%(objectname)%00%(upstream:track)%00%(upstream:remotename)%00%(upstream:remoteref) refs/heads/main refs/remotes/main [427ms]
2025-01-12 21:12:26.659 [info] > git status -z -uall [10ms]
2025-01-12 21:12:26.659 [info] > git for-each-ref --sort -committerdate --format %(refname) %(objectname) %(*objectname) [3ms]
2025-01-12 21:12:26.659 [info] > git for-each-ref --format=%(refname)%00%(upstream:short)%00%(objectname)%00%(upstream:track)%00%(upstream:remotename)%00%(upstream:remoteref) refs/heads/main refs/remotes/main [19ms]
2025-01-12 21:12:26.659 [info] > git config --local branch.main.vscode-merge-base [6ms]
2025-01-12 21:12:26.659 [warning] [Git][config] git config failed: Failed to execute git
2025-01-12 21:12:26.659 [info] > git config --get commit.template [20ms]
2025-01-12 21:12:26.659 [info] > git for-each-ref --format=%(refname)%00%(upstream:short)%00%(objectname)%00%(upstream:track)%00%(upstream:remotename)%00%(upstream:remoteref) refs/heads/main refs/remotes/main [6ms]
2025-01-12 21:12:26.659 [info] > git reflog main --grep-reflog=branch: Created from *. [16ms]
2025-01-12 21:12:26.659 [info] > git symbolic-ref --short refs/remotes/origin/HEAD [40ms]
2025-01-12 21:12:26.659 [info] fatal: ref refs/remotes/origin/HEAD is not a symbolic ref
2025-01-12 21:12:26.659 [warning] [Repository][getDefaultBranch] Failed to get default branch details: Failed to execute git.
2025-01-12 21:12:26.659 [info] > git status -z -uall [40ms]
2025-01-12 21:12:26.659 [info] > git for-each-ref --sort -committerdate --format %(refname) %(objectname) %(*objectname) [28ms]
2025-01-12 21:12:26.659 [info] > git merge-base refs/heads/main refs/remotes/origin/main [4ms]
2025-01-12 21:12:26.659 [info] > git merge-base refs/heads/main refs/remotes/origin/main [36ms]
2025-01-12 21:12:26.659 [info] > git diff --name-status -z --diff-filter=ADMR bb28fd9a08cecdb83a373e41a15196805b574e70...refs/remotes/origin/main [21ms]
2025-01-12 21:12:26.659 [info] > git diff --name-status -z --diff-filter=ADMR bb28fd9a08cecdb83a373e41a15196805b574e70...refs/remotes/origin/main [19ms]
2025-01-12 21:12:30.120 [info] > git fetch [3534ms]
2025-01-12 21:12:30.120 [info] Missing or invalid credentials.
Skip silent fetch commands
Missing or invalid credentials.
Skip silent fetch commands
remote: Repository not found.
fatal: Authentication failed for 'https://github.com/Jefferson-version/app-previsao-tempo.git/'
2025-01-12 21:12:30.225 [info] > git check-ignore -v -z --stdin [73ms]
2025-01-12 21:12:30.228 [info] > git config --get commit.template [48ms]
2025-01-12 21:12:30.735 [info] > git for-each-ref --format=%(refname)%00%(upstream:short)%00%(objectname)%00%(upstream:track)%00%(upstream:remotename)%00%(upstream:remoteref) refs/heads/main refs/remotes/main [298ms]
2025-01-12 21:12:30.932 [info] > git status -z -uall [112ms]
2025-01-12 21:12:30.936 [info] > git for-each-ref --sort -committerdate --format %(refname) %(objectname) %(*objectname) [110ms]
